C                  5.5162260000     -0.8137570000      0.1954960000
C                  5.7120820000     -1.5101830000      1.3977060000
C                  6.8173760000     -2.3490330000      1.5568020000
C                  7.7392780000     -2.5049660000      0.5197660000
C                  7.5539930000     -1.8146940000     -0.6803660000
C                  6.4513640000     -0.9748610000     -0.8380840000
C                  1.7739760000      0.4980510000      0.4546490000
C                  1.1333230000      0.5052630000     -0.9348810000
C                  0.8209050000      0.1539450000      1.5991530000
H                  5.0087250000     -1.4056260000      2.2274010000
H                  6.9557580000     -2.8841590000      2.4987740000
H                  8.6006040000     -3.1646100000      0.6463800000
H                  8.2690800000     -1.9305030000     -1.4977280000
H                  6.3075310000     -0.4319900000     -1.7769360000
O                 -0.3971310000      0.3341770000      1.5021540000
O                 -0.0765450000      0.3617810000     -1.1117490000
O                 -3.4406680000      0.4172970000      1.3718120000
O                 -3.0623160000      0.5748080000     -1.5433380000
O                 -0.1691310000     -2.0003890000      0.1632380000
S                 -0.8857760000     -2.7977270000     -0.8702660000
S                 -3.6990120000     -0.9260660000      1.9856350000
S                 -2.9042920000      2.0399960000     -1.2368910000
O                 -2.0071250000     -1.9126310000     -1.3356540000
O                 -1.1961780000     -4.1739260000     -0.5863210000
O                 -2.5954020000     -1.7726320000      1.4340440000
O                 -3.9853420000     -0.9928670000      3.3911010000
O                 -1.9319690000      2.0695090000     -0.1078500000
O                 -2.6794270000      2.9240080000     -2.3501970000
C                 -4.5510560000      2.5445360000     -0.5033240000
C                 -5.1863180000     -1.5152320000      1.0743110000
C                  0.2793060000     -2.8323970000     -2.3147980000
F                 -4.3577380000      3.0739540000      0.6859600000
F                 -5.3459840000      1.4976270000     -0.4087180000
F                 -5.0999930000      3.4398880000     -1.3009870000
F                 -4.9187470000     -1.4611670000     -0.2195030000
F                 -6.2101730000     -0.7347430000      1.3533170000
F                 -5.4567900000     -2.7559790000      1.4236970000
F                  1.5204360000     -2.8962980000     -1.8554200000
F                  0.1427310000     -1.7399470000     -3.0419190000
F                  0.0267530000     -3.8917220000     -3.0538780000
C                  4.3539160000      0.1346660000     -0.0249420000
H                  4.3152840000      0.3471210000     -1.1024060000
C                  4.5882340000      1.5459070000      0.6071820000
C                  5.8466640000      2.1185450000      0.0884670000
C                  4.7041830000      1.4383900000      2.0839790000
C                  1.1242860000      2.9966530000      0.4194730000
C                  2.6797980000      3.9873170000     -1.1492420000
C                  1.3592990000      3.9071680000     -0.5392180000
H                  0.1468680000      2.9069600000      0.8983100000
H                  2.8852090000      4.6810730000     -1.9674390000
H                  0.5774080000      4.5954780000     -0.8640140000
N                  6.8733570000      2.4877050000     -0.2955330000
N                  4.7345900000      1.3206090000      3.2351830000
N                  3.4649860000      2.4129550000      0.2868410000
N                  3.6630480000      3.2586820000     -0.7485580000
C                  2.1830150000      2.0173590000      0.8324740000
H                  2.2748200000      2.0105280000      1.9342230000
Sc                -1.7913320000     -0.2218950000      0.0221790000
C                  3.0197740000     -0.4311030000      0.4787900000
H                  2.7878970000     -1.3499040000     -0.0818290000
H                  3.1769860000     -0.7466760000      1.5167280000
C                  1.3513190000     -0.3221040000      2.9046530000
H                  1.5281590000     -1.4074240000      2.7989250000
H                  2.3047890000      0.1428770000      3.1886950000
H                  0.5874410000     -0.1688540000      3.6753220000
C                  1.9906170000      0.6582650000     -2.1417170000
H                  2.7520960000      1.4389170000     -2.0281660000
H                  2.5163220000     -0.2992090000     -2.3031970000
H                  1.3524570000      0.8628690000     -3.0088100000
