C                 -5.5268930000      0.0071650000     -0.5537000000
C                 -6.1602650000      0.6131610000     -1.6747320000
C                 -7.5232450000      0.8301400000     -1.6347380000
C                 -8.2570350000      0.4478200000     -0.4959990000
C                 -7.6433790000     -0.1525750000      0.6123380000
C                 -6.2770410000     -0.3752980000      0.5915320000
C                 -4.1489700000     -0.2299140000     -0.5189090000
C                 -2.0836080000     -0.1863990000     -1.5984220000
O                 -3.3974170000      0.1201030000     -1.5270720000
C                 -1.6112340000     -1.5273750000     -1.2009950000
C                 -1.1835510000      0.8689500000     -2.0900830000
H                 -5.5651590000      0.9023700000     -2.5431380000
H                 -8.0328000000      1.2968820000     -2.4786650000
H                 -9.3347940000      0.6259310000     -0.4762320000
H                 -8.2376640000     -0.4382420000      1.4810420000
H                 -5.7623110000     -0.8393430000      1.4361480000
H                 -3.6542540000     -0.6758960000      0.3580030000
O                  0.0299250000      0.7363660000     -2.0879130000
O                 -0.4481460000     -1.7656970000     -0.9290890000
Yb                 1.2846850000     -0.0594190000     -0.0683320000
O                 -2.5881630000     -2.4033050000     -1.1663320000
O                 -1.8213810000      1.9354470000     -2.4975590000
C                 -2.2589410000     -3.7158760000     -0.6862450000
C                 -1.0122750000      3.0326790000     -2.9474370000
H                 -3.1916030000     -4.2874330000     -0.6954530000
H                 -1.8579890000     -3.6347760000      0.3326540000
H                 -1.5156290000     -4.1782460000     -1.3488040000
H                 -1.7020750000      3.8577210000     -3.1489420000
H                 -0.4754280000      2.7482260000     -3.8626810000
H                 -0.2887220000      3.3078320000     -2.1693070000
O                  0.9469230000      2.5145560000      0.0990960000
O                  0.1779280000     -1.1307170000      2.0356850000
O                  2.5679100000     -1.4950690000     -1.6544710000
S                  3.6273870000     -1.8960790000     -0.6979190000
S                  2.1934820000      2.8432650000     -0.6332300000
S                 -1.1756680000     -0.5779360000      1.8537530000
O                  3.4593860000     -1.1438160000      0.5713890000
O                  4.9723070000     -2.0359870000     -1.2114710000
O                  2.8350160000      1.5999210000     -1.1228670000
O                  2.1355350000      3.9653820000     -1.5502930000
O                 -1.1898420000      0.4592430000      0.7888670000
O                 -2.2751660000     -1.5379800000      1.7679280000
C                 -1.4932420000      0.3740580000      3.3898550000
C                  3.3251200000      3.3662690000      0.7154970000
C                  3.0981680000     -3.5880300000     -0.2184330000
F                 -2.6723490000      0.9679890000      3.2998720000
F                 -0.5511200000      1.2878840000      3.5448990000
F                 -1.4917700000     -0.4411260000      4.4292390000
F                  3.4210470000      2.3856580000      1.6084660000
F                  2.8526850000      4.4471610000      1.3173270000
F                  4.5295350000      3.6289820000      0.2353670000
F                  1.8730600000     -3.5306540000      0.2945350000
F                  3.9200130000     -4.0920610000      0.6886840000
F                  3.0819050000     -4.3838250000     -1.2769920000
