C                 -1.7217430000      0.1335110000      1.1884090000
C                 -1.3894010000      0.2542730000     -0.1822510000
C                 -0.6731370000     -0.2112770000      2.0781410000
O                  0.5302000000     -0.4425920000      1.7536970000
O                 -0.2343750000      0.2593460000     -0.6925850000
O                 -2.4248350000      0.3214270000     -1.0088860000
O                 -1.0009650000     -0.3720240000      3.3546220000
C                 -2.1610250000      0.4317340000     -2.4048560000
C                  0.0402640000     -0.7042960000      4.2711970000
H                 -3.1319860000      0.3626990000     -2.9086010000
H                 -1.4946950000     -0.3759030000     -2.7411580000
H                 -1.6902350000      1.3972590000     -2.6329330000
H                 -0.4254740000     -0.7439190000      5.2616400000
H                  0.8278180000      0.0615900000      4.2538830000
H                  0.4816250000     -1.6792780000      4.0231780000
O                  3.4330060000     -0.9753050000      0.8400590000
O                  2.3863160000     -0.3169270000     -1.8238470000
O                  0.6529850000      2.2195180000      1.0866380000
S                  1.2610930000      3.0845560000      0.0453360000
S                  4.1077920000      0.0879970000      1.6477380000
S                  2.0292360000     -1.7701200000     -1.8181340000
O                  2.0568890000      2.1627450000     -0.8287510000
O                  1.8897530000      4.3172030000      0.4492150000
O                  3.1375890000      1.2205330000      1.6475360000
O                  4.7220020000     -0.2933790000      2.8921260000
O                  1.3851690000     -2.0258040000     -0.5064990000
O                  1.3646970000     -2.2894060000     -2.9939270000
C                  3.6790940000     -2.6462280000     -1.7432790000
C                  5.4534180000      0.6629190000      0.5334310000
C                 -0.1703520000      3.5898090000     -1.0468650000
F                  3.6896840000     -3.4767160000     -0.7193200000
F                  4.6584690000     -1.7724170000     -1.6192020000
F                  3.8464800000     -3.3297990000     -2.8615250000
F                  4.9203860000      1.0166460000     -0.6226880000
F                  6.3168750000     -0.3170630000      0.3450460000
F                  6.0660310000      1.6980870000      1.0758920000
F                 -1.2962490000      3.0660210000     -0.5865840000
F                  0.0311560000      3.1635460000     -2.2805670000
F                 -0.2759570000      4.9041030000     -1.0487350000
C                 -4.4485360000     -0.0362750000      1.1690920000
C                 -4.5550070000     -1.6012610000      1.1066420000
C                 -5.8517390000     -2.0505020000      0.5584130000
C                 -4.5024460000     -2.0870230000      2.5038490000
C                 -1.2391140000     -3.0633070000      0.1561640000
C                 -2.7204020000     -2.8706780000     -1.7148800000
C                 -1.4392740000     -3.1812650000     -1.2030390000
H                 -0.2894600000     -3.2979670000      0.6348500000
H                 -2.9600450000     -2.9845360000     -2.7740720000
H                 -0.6415530000     -3.5049250000     -1.8739450000
N                 -6.8931100000     -2.4009650000      0.1987860000
N                 -4.4806710000     -2.4270160000      3.6090180000
N                 -3.4541390000     -2.2639930000      0.3315880000
N                 -3.6943400000     -2.4203580000     -0.9548920000
C                 -2.2962550000     -2.5708870000      0.9273820000
H                 -2.2354240000     -2.4560580000      2.0110220000
C                 -3.0925350000      0.4759660000      1.7444380000
H                 -3.2083750000      1.5720060000      1.7512350000
H                 -3.0770610000      0.1854800000      2.8038180000
Sc                 1.6491480000      0.2533940000      0.1890850000
H                 -5.1421820000      0.1733430000      2.0013920000
C                 -5.0503710000      0.7705470000      0.0210380000
C                 -5.3449370000      2.1106090000      0.3225500000
C                 -5.3731430000      0.2965750000     -1.2552450000
C                 -5.9211450000      2.9564540000     -0.6238770000
H                 -5.1267970000      2.4975780000      1.3223210000
C                 -5.9627040000      1.1395440000     -2.2027350000
H                 -5.1535620000     -0.7320750000     -1.5402980000
C                 -6.2341380000      2.4726850000     -1.8964950000
H                 -6.1358230000      3.9945710000     -0.3605420000
H                 -6.2039240000      0.7431490000     -3.1918580000
H                 -6.6906710000      3.1290110000     -2.6406290000
