C                 -5.6619870000      0.4474220000     -0.1257030000
C                 -6.4206220000      0.3232770000     -1.2983670000
C                 -7.7189330000      0.8301130000     -1.3631310000
C                 -8.2751050000      1.4687320000     -0.2519890000
C                 -7.5264680000      1.5995800000      0.9196620000
C                 -6.2261960000      1.0940630000      0.9839130000
C                 -1.7802540000      0.5570890000      0.3915170000
C                 -1.1594580000      0.8891380000     -0.8372990000
C                 -1.0028430000     -0.0065490000      1.4188990000
H                 -5.9822230000     -0.1765640000     -2.1670280000
H                 -8.2959780000      0.7287750000     -2.2848750000
H                 -9.2907760000      1.8677900000     -0.3005210000
H                 -7.9536140000      2.1018580000      1.7904010000
H                 -5.6530520000      1.2117080000      1.9066160000
O                  0.2379310000     -0.2615300000      1.3877510000
O                  0.0800330000      0.9031680000     -1.0801930000
O                 -1.9899890000      1.2208570000     -1.8183450000
O                 -1.6770740000     -0.3507280000      2.5208090000
C                 -1.4231850000      1.5265560000     -3.0897220000
C                 -0.9457430000     -0.8720430000      3.6248700000
H                 -2.2649820000      1.6883160000     -3.7715890000
H                 -0.8006230000      0.6929760000     -3.4446880000
H                 -0.8066360000      2.4330390000     -3.0338420000
H                 -1.6876320000     -1.1104810000      4.3963100000
H                 -0.2356710000     -0.1251030000      4.0067960000
H                 -0.3870730000     -1.7766720000      3.3414200000
O                  3.0399330000     -1.2499120000      0.8804970000
O                  2.7355430000     -0.0557110000     -1.7837640000
O                  0.8779270000      2.3951310000      1.1333860000
S                  1.7764410000      3.2657680000      0.3339160000
S                  3.7510650000     -0.4481770000      1.9227680000
S                  2.0679320000     -1.3583910000     -2.0910300000
O                  2.5903150000      2.3350370000     -0.5131800000
O                  2.4793340000      4.3318040000      1.0031550000
O                  3.0671300000      0.8774660000      1.9034240000
O                  4.0107870000     -1.0694550000      3.1951990000
O                  1.1295990000     -1.6046040000     -0.9658740000
O                  1.5652980000     -1.5479940000     -3.4319930000
C                  3.4197400000     -2.6302410000     -1.8782620000
C                  5.3843110000     -0.1096200000      1.1483410000
C                  0.6534740000      4.1092790000     -0.9013230000
F                  3.0094570000     -3.5686730000     -1.0430060000
F                  4.5162140000     -2.0680170000     -1.4115020000
F                  3.6785320000     -3.1780880000     -3.0521100000
F                  5.1867000000      0.4766130000     -0.0192050000
F                  6.0303830000     -1.2470400000      0.9721530000
F                  6.0897510000      0.6852380000      1.9305810000
F                 -0.5982270000      3.7172570000     -0.7243880000
F                  1.0319780000      3.8094940000     -2.1306350000
F                  0.7229030000      5.4154460000     -0.7287790000
C                 -4.2503850000     -0.1114770000     -0.0955480000
H                 -3.9360670000     -0.2921540000     -1.1336340000
C                 -4.2714420000     -1.5437480000      0.5555880000
C                 -5.3014640000     -2.3812800000     -0.0943980000
C                 -4.5688570000     -1.4363280000      1.9943360000
C                 -1.1376110000     -3.5822920000      1.0334900000
C                 -1.4700930000     -2.8726950000     -1.2291550000
C                 -0.6916170000     -3.5623380000     -0.2711060000
H                 -0.6061170000     -4.1021000000      1.8306460000
H                 -1.1728610000     -2.8237440000     -2.2785690000
H                  0.2306580000     -4.0580150000     -0.5726850000
N                 -6.0891080000     -3.0399510000     -0.6265970000
N                 -4.8122780000     -1.3106730000      3.1180140000
N                 -2.9684550000     -2.2667500000      0.3464490000
N                 -2.5831390000     -2.2509650000     -0.9168800000
Sc                 1.7005420000      0.4213870000      0.1260400000
C                 -3.2492250000      0.8405830000      0.5805090000
H                 -3.4736190000      1.8318390000      0.1574880000
H                 -3.4660840000      0.9079170000      1.6566970000
C                 -2.3270630000     -2.9099590000      1.3258160000
H                 -2.7623970000     -2.8891990000      2.3262450000
