C                  1.9882240000     -0.9601170000     -0.8504850000
C                  1.7002260000      0.0351910000      0.2976390000
C                  0.6577110000     -1.5209150000     -1.3992180000
O                 -0.2513720000     -0.7915670000     -1.7305190000
O                  0.7730280000      0.8127480000      0.2753350000
O                  2.5809340000     -0.0353430000      1.2610250000
O                  0.6653760000     -2.8178610000     -1.5289850000
C                  2.4423660000      0.9264800000      2.3236550000
C                 -0.5562890000     -3.4190660000     -1.9986450000
H                  3.2848260000      0.7573240000      3.0014870000
H                  1.4874240000      0.7644840000      2.8387060000
H                  2.4727820000      1.9380050000      1.8972750000
H                 -0.3661060000     -4.4952720000     -2.0456510000
H                 -0.8075900000     -3.0214860000     -2.9900610000
H                 -1.3614340000     -3.1851690000     -1.2897690000
O                 -3.0781910000     -1.6489740000     -0.4932220000
O                 -1.0977210000     -0.0714670000      2.4891220000
O                 -1.1972090000      2.5844450000     -1.1184320000
S                 -1.9819650000      3.3984950000     -0.1637790000
S                 -3.6152250000     -1.1438560000     -1.7842390000
S                 -0.4673660000     -1.4032120000      2.3686080000
O                 -2.5930220000      2.5072960000      0.8573360000
O                 -2.8254980000      4.4395560000     -0.7111470000
O                 -3.1467320000      0.2458930000     -2.0006090000
O                 -3.5551320000     -2.0516090000     -2.9118830000
O                 -0.3508530000     -1.7820440000      0.9336740000
O                  0.7179960000     -1.6535930000      3.1718920000
C                 -1.7340000000     -2.5713700000      3.0058100000
C                 -5.4025900000     -0.9241260000     -1.4288680000
C                 -0.7051150000      4.2997630000      0.8021800000
F                 -1.3577260000     -3.8120470000      2.7393650000
F                 -2.8975930000     -2.3320050000      2.4275010000
F                 -1.8552470000     -2.4228930000      4.3138790000
F                 -5.5507540000     -0.1235610000     -0.3812940000
F                 -5.9596090000     -2.0945550000     -1.1588080000
F                 -6.0098060000     -0.3852910000     -2.4736020000
F                  0.1417360000      3.4464750000      1.3621420000
F                 -1.2847000000      5.0153030000      1.7540180000
F                 -0.0295320000      5.1163950000      0.0038240000
C                  3.8283880000      0.2581530000     -1.8941700000
C                  4.7785180000     -0.9561020000     -1.6103930000
C                  6.2046190000     -0.6024300000     -1.5415610000
C                  4.6133240000     -1.9109780000     -2.7322750000
C                  2.5788810000     -2.8068640000      0.8499400000
C                  4.7424180000     -2.3011720000      1.7388960000
C                  3.4714490000     -2.9121650000      1.8773920000
H                  1.5732330000     -3.2283470000      0.9058630000
H                  5.4810300000     -2.3170260000      2.5428150000
H                  3.2139290000     -3.4313540000      2.8005410000
N                  7.3278550000     -0.3321550000     -1.5785000000
N                  4.4870080000     -2.6455240000     -3.6160610000
N                  4.3138180000     -1.6053820000     -0.3683260000
N                  5.1326920000     -1.6827300000      0.6284090000
C                  2.9494170000     -2.1155890000     -0.4052950000
H                  2.8878340000     -2.8551590000     -1.2327780000
H                  4.0454620000      0.5764520000     -2.9248830000
C                  3.9410520000      1.4627340000     -0.9771170000
C                  3.0177910000      2.4920140000     -1.2196640000
C                  4.8996940000      1.6259660000      0.0313290000
C                  3.0671460000      3.6735720000     -0.4809490000
H                  2.2545580000      2.3626540000     -1.9916480000
C                  4.9568230000      2.8181100000      0.7577760000
H                  5.6126520000      0.8393350000      0.2820880000
C                  4.0473960000      3.8446490000      0.5005900000
H                  2.3404550000      4.4629600000     -0.6777990000
H                  5.7154330000      2.9354850000      1.5342570000
H                  4.0945520000      4.7744960000      1.0714030000
Yb                -1.6678800000      0.3648640000      0.0101220000
O                  2.5246770000     -0.2956000000     -1.9662280000
