C                  1.8037410000     -0.7415720000     -0.9697240000
C                  1.6326690000      0.1396900000      0.2607650000
C                  0.4998910000     -1.2490580000     -1.5689790000
O                 -0.4436830000     -0.5088540000     -1.7619450000
O                  0.6516620000      0.8348270000      0.4317480000
O                  2.6274230000      0.0487660000      1.0970200000
O                  0.5423540000     -2.5059940000     -1.9101480000
C                  2.6063630000      0.9177340000      2.2420460000
C                 -0.6823910000     -3.0634080000     -2.4234320000
H                  3.5452030000      0.7395310000      2.7770200000
H                  1.7442540000      0.6636690000      2.8713520000
H                  2.5415430000      1.9604820000      1.9029860000
H                 -0.4753250000     -4.1185950000     -2.6244500000
H                 -0.9750220000     -2.5401220000     -3.3424550000
H                 -1.4669000000     -2.9490310000     -1.6636300000
O                 -3.1763140000     -1.5245570000     -0.4254540000
O                 -1.4755070000     -0.3767300000      2.3529950000
O                 -1.3408390000      2.7481250000     -1.0281100000
S                 -1.7915280000      3.5651470000      0.1229140000
S                 -3.8124640000     -1.0287640000     -1.6742870000
S                 -0.5563950000     -1.5216270000      2.1822500000
O                 -2.1105300000      2.6676510000      1.2635100000
O                 -2.7345390000      4.6282730000     -0.1552920000
O                 -3.3893910000      0.3689920000     -1.9243720000
O                 -3.8176890000     -1.9358830000     -2.8045680000
O                 -0.3327680000     -1.8102580000      0.7452110000
O                  0.6397550000     -1.5165640000      3.0126250000
C                 -1.5080190000     -2.9800810000      2.7619460000
C                 -5.5738650000     -0.8441660000     -1.1918680000
C                 -0.2793970000      4.4501870000      0.6791830000
F                 -0.7935500000     -4.0741160000      2.5276550000
F                 -2.6586760000     -3.0671340000      2.1229060000
F                 -1.7322770000     -2.8804870000      4.0613250000
F                 -5.6622140000     -0.0368540000     -0.1417260000
F                 -6.0849780000     -2.0228990000     -0.8727580000
F                 -6.2678110000     -0.3266980000     -2.1926260000
F                  0.6297560000      3.6019350000      1.1338730000
F                 -0.5937470000      5.2990680000      1.6454670000
F                  0.2350400000      5.1291340000     -0.3386420000
C                  3.9541430000      0.0644920000     -1.8684980000
C                  4.7369480000     -1.2571500000     -1.5406070000
C                  6.1928530000     -1.0620660000     -1.4381560000
C                  4.5047140000     -2.1837370000     -2.6722350000
C                  2.4351880000     -2.9673250000      0.8586280000
C                  4.4339370000     -2.1575560000      1.9141960000
C                  3.1843940000     -2.8294200000      1.9980700000
H                  1.4761130000     -3.4845050000      0.8436170000
H                  5.0681230000     -2.0169070000      2.7918620000
H                  2.8468470000     -3.2363220000      2.9510130000
N                  7.3401280000     -0.9223450000     -1.4478050000
N                  4.3319160000     -2.8900190000     -3.5708120000
N                  4.1915520000     -1.8597000000     -0.3060410000
N                  4.9103780000     -1.6834890000      0.7868500000
C                  2.9265440000     -2.4036760000     -0.3533270000
H                  2.6286220000     -2.8372820000     -1.3129330000
H                  4.2402700000      0.3230770000     -2.8991610000
C                  4.1378510000      1.2904230000     -0.9968570000
C                  3.2381390000      2.3402780000     -1.2405840000
C                  5.1465260000      1.4567540000     -0.0407610000
C                  3.3538900000      3.5437330000     -0.5449040000
H                  2.4441320000      2.2185480000     -1.9828780000
C                  5.2622210000      2.6678180000      0.6464370000
H                  5.8482060000      0.6585380000      0.1988120000
C                  4.3730120000      3.7132900000      0.3954810000
H                  2.6461660000      4.3497390000     -0.7431430000
H                  6.0558320000      2.7866580000      1.3869690000
H                  4.4696240000      4.6576140000      0.9352610000
Yb                -1.8182830000      0.5184110000      0.0495440000
O                  2.5938840000     -0.3527630000     -1.9979570000
