C                  5.5022980000      0.6467870000      0.2255700000
C                  5.8850980000      0.4493030000     -1.1076770000
C                  7.1062320000      0.9535230000     -1.5547630000
C                  7.9445350000      1.6452970000     -0.6762580000
C                  7.5596070000      1.8432170000      0.6518780000
C                  6.3359790000      1.3486760000      1.1041300000
C                  1.9898110000     -0.3389390000     -0.1403460000
C                  1.1480450000      0.3789450000      0.8922850000
C                  1.2637720000     -0.6620270000     -1.4207570000
H                  5.2240810000     -0.0862880000     -1.7925480000
H                  7.4031060000      0.8058940000     -2.5950470000
H                  8.9003170000      2.0372790000     -1.0307920000
H                  8.2090710000      2.3916240000      1.3370060000
H                  6.0237620000      1.5099990000      2.1393760000
O                  0.0523870000     -0.7447230000     -1.4734100000
O                  0.0281840000      0.0047780000      1.1793630000
O                  1.7567530000      1.4050000000      1.4224950000
O                  2.0731710000     -0.9386750000     -2.4037820000
C                  0.9750460000      2.2060130000      2.3287210000
C                  1.4392750000     -1.3207770000     -3.6390210000
H                  1.6282580000      3.0222770000      2.6507860000
H                  0.6552620000      1.5948600000      3.1828530000
H                  0.0908630000      2.5831360000      1.7985000000
H                  2.2454230000     -1.6070690000     -4.3205480000
H                  0.8785770000     -0.4612300000     -4.0281640000
H                  0.7552330000     -2.1601940000     -3.4525960000
O                 -1.9367800000     -2.2856980000      0.0712260000
O                 -2.2420510000      2.1441720000      1.3874960000
O                 -0.1104260000      1.9969080000     -0.7983870000
S                 -0.4502230000      2.1274340000     -2.2341730000
S                 -2.1276210000     -2.7602730000     -1.3235460000
S                 -2.6538500000      1.2830240000      2.5208570000
O                 -1.7400840000      1.4597570000     -2.5210720000
O                  0.6359820000      1.8810250000     -3.1696920000
O                 -2.5761370000     -1.6531620000     -2.1862900000
O                 -1.0762810000     -3.6307250000     -1.8347010000
O                 -2.8063690000     -0.1181590000      2.0647890000
O                 -1.9752990000      1.4952510000      3.7858910000
C                 -4.3887640000      1.8040910000      2.8191810000
C                 -3.6055020000     -3.8405450000     -1.1910560000
C                 -0.8427360000      3.9101700000     -2.4215010000
F                 -4.9326750000      1.0670740000      3.7755730000
F                 -5.0965300000      1.6507650000      1.7047970000
F                 -4.4293070000      3.0776860000      3.1795320000
F                 -3.9235260000     -4.3232240000     -2.3818280000
F                 -4.6286810000     -3.1404920000     -0.7207820000
F                 -3.3579490000     -4.8478650000     -0.3675710000
F                  0.2123100000      4.6402010000     -2.0949190000
F                 -1.8542430000      4.2330350000     -1.6288780000
F                 -1.1772840000      4.1691950000     -3.6759370000
C                  4.2092930000      0.0780840000      0.7389470000
H                  3.8180820000      0.6659140000      1.5822420000
C                  4.3890470000     -1.3977350000      1.3076800000
C                  5.1960810000     -1.3404000000      2.5362420000
C                  5.0509590000     -2.2606550000      0.3112290000
C                  0.9352150000     -2.7590610000      0.8483180000
C                  1.4037660000     -2.1969880000      3.1310120000
C                  0.5225540000     -2.7363250000      2.1545340000
H                  0.3110840000     -3.1334980000      0.0345880000
H                  1.1058700000     -2.0955550000      4.1764990000
H                 -0.4608200000     -3.1071460000      2.4459240000
N                  5.8795350000     -1.2499220000      3.4637950000
N                  5.5682520000     -2.9158760000     -0.4886740000
N                  3.0450380000     -1.9259060000      1.6063430000
N                  2.6316660000     -1.8079460000      2.8523790000
C                  2.2138370000     -2.2048720000      0.5366470000
H                  2.7267070000     -2.5124920000     -0.3828750000
O                  3.2765600000     -0.0027760000     -0.3225970000
Yb                -2.0466540000      0.1910180000     -0.3360400000
