C                 -1.8404220000     -0.5547750000      1.0450340000
C                 -1.6870310000      0.0682660000     -0.3324420000
C                 -0.5132810000     -0.9858930000      1.6951610000
O                  0.4789760000     -0.2866360000      1.6767150000
O                 -0.6901610000      0.6580970000     -0.6969820000
O                 -2.7320330000     -0.1209280000     -1.0892320000
O                 -0.5473800000     -2.1136380000      2.3398810000
C                 -2.7289950000      0.5067810000     -2.3816730000
C                  0.6958430000     -2.5595280000      2.9108460000
H                 -3.7201580000      0.3250290000     -2.8101600000
H                 -1.9450180000      0.0514000000     -2.9996270000
H                 -2.5473700000      1.5847750000     -2.2642160000
H                  0.4870000000     -3.5289990000      3.3732190000
H                  1.0455060000     -1.8368700000      3.6587320000
H                  1.4397820000     -2.6487280000      2.1089580000
O                  2.9858850000     -1.5893810000      0.5666310000
O                  1.3516230000     -0.9066330000     -2.3176630000
O                  1.0971970000      2.5990670000      0.9229310000
S                  1.9910670000      3.5160800000      0.1753360000
S                  3.7402260000     -0.9005020000      1.6462380000
S                  0.3817800000     -1.9736540000     -1.9823780000
O                  2.8237240000      2.7421560000     -0.7782690000
O                  2.6511810000      4.5592280000      0.9323800000
O                  3.4409410000      0.5524590000      1.6188020000
O                  3.7719270000     -1.5514780000      2.9416100000
O                  0.1380010000     -2.0645710000     -0.5284230000
O                 -0.8100710000     -2.0338430000     -2.8178160000
C                  1.2787620000     -3.5303880000     -2.3528220000
C                  5.4679690000     -0.9727100000      1.0304850000
C                  0.8383700000      4.4011480000     -0.9472470000
F                  0.5102560000     -4.5552140000     -2.0036370000
F                  2.4108600000     -3.5864650000     -1.6766390000
F                  1.5357730000     -3.6076330000     -3.6485330000
F                  5.5348610000     -0.3960570000     -0.1644300000
F                  5.8601480000     -2.2335050000      0.9203330000
F                  6.2801860000     -0.3383940000      1.8607420000
F                  0.0975690000      3.5243260000     -1.6156770000
F                  1.5144580000      5.1385280000     -1.8148700000
F                  0.0345350000      5.1927610000     -0.2475930000
C                 -3.9635050000      0.5124910000      1.7603840000
C                 -4.8741730000     -0.7602360000      1.6367160000
C                 -6.3026230000     -0.4568570000      1.4488030000
C                 -4.7768700000     -1.4959080000      2.9205470000
C                 -2.6693760000     -2.9798050000     -0.3984930000
C                 -4.5420520000     -2.1373430000     -1.6447770000
C                 -3.3604030000     -2.9228970000     -1.5831440000
H                 -1.7661730000     -3.5757650000     -0.2687640000
H                 -5.1304530000     -2.0584050000     -2.5614270000
H                 -3.0311330000     -3.4798160000     -2.4602690000
N                 -7.4314800000     -0.2162610000      1.3921230000
N                 -4.7465630000     -2.0009970000      3.9592950000
N                 -4.3437810000     -1.5767950000      0.5268330000
N                 -5.0081890000     -1.4789320000     -0.6108650000
C                 -3.1473860000     -2.2194130000      0.7007110000
H                 -2.8920760000     -2.5040230000      1.7250480000
H                 -4.2382250000      0.9703200000      2.7236460000
C                 -3.9989570000      1.5801500000      0.6864570000
C                 -2.9640200000      2.5266480000      0.7629910000
C                 -4.9764030000      1.7070800000     -0.3057000000
C                 -2.9074960000      3.5863550000     -0.1415580000
H                 -2.1933450000      2.4358620000      1.5336760000
C                 -4.9229680000      2.7808570000     -1.1996800000
H                 -5.7803880000      0.9794260000     -0.4150330000
C                 -3.8947560000      3.7208510000     -1.1209040000
H                 -2.0936790000      4.3101730000     -0.0739120000
H                 -5.6937280000      2.8736330000     -1.9674130000
H                 -3.8582910000      4.5552940000     -1.8243360000
Yb                 1.7847390000      0.4754210000     -0.2775750000
O                 -2.6325920000      0.0277180000      1.9829230000
