C                 -5.3310610000     -1.0906080000      0.8948950000
C                 -5.8281330000     -1.7968330000     -0.2080280000
C                 -6.8662120000     -2.7113390000     -0.0275560000
C                 -7.4080550000     -2.9169180000      1.2440020000
C                 -6.9081970000     -2.2140070000      2.3431870000
C                 -5.8651360000     -1.3039400000      2.1719860000
C                 -2.0558810000     -0.2645150000     -0.2973530000
C                 -1.3137230000     -0.7045750000      0.9076250000
C                 -1.4100990000      0.2413160000     -1.5155630000
H                 -5.3989930000     -1.6391130000     -1.2001910000
H                 -7.2512900000     -3.2675890000     -0.8845000000
H                 -8.2196670000     -3.6349750000      1.3801120000
H                 -7.3236510000     -2.3816860000      3.3387960000
H                 -5.4586890000     -0.7607850000      3.0297310000
O                 -0.2051140000      0.4962000000     -1.5180820000
O                 -0.2524780000     -0.1656290000      1.2065620000
O                  1.2317800000      2.3695160000      0.2050590000
O                  2.5102320000     -1.9852540000      1.3468290000
O                  0.2344080000     -2.2121040000     -0.7359880000
S                  0.8166680000     -2.3520450000     -2.0880460000
S                  1.7941440000      2.8705110000     -1.0738300000
S                  3.0192860000     -1.1373260000      2.4503860000
O                  2.0035960000     -1.4748290000     -2.2348860000
O                 -0.1240410000     -2.3599740000     -3.1959030000
O                  2.5338810000      1.7958040000     -1.7662630000
O                  0.9110430000      3.6993370000     -1.8795560000
O                  2.7900630000      0.2920870000      2.1297230000
O                  2.7250030000     -1.5644780000      3.8027020000
C                  4.8393730000     -1.2976290000      2.2776990000
C                  3.1045280000      4.0203170000     -0.5037080000
C                  1.5436760000     -4.0367280000     -2.0814470000
F                  5.4557440000     -0.5333590000      3.1663130000
F                  5.2014970000     -0.9128140000      1.0573390000
F                  5.2121940000     -2.5553450000      2.4569390000
F                  3.7423350000      4.5451910000     -1.5371480000
F                  3.9726040000      3.3733840000      0.2598100000
F                  2.5510920000      4.9974160000      0.2043320000
F                  0.5931800000     -4.9346330000     -1.8643270000
F                  2.4575690000     -4.1370700000     -1.1295140000
F                  2.1112290000     -4.2862640000     -3.2525360000
C                 -4.2176660000     -0.0945680000      0.7297700000
H                 -3.6443180000      0.0103670000      1.6634130000
C                 -4.7453750000      1.3650440000      0.4090970000
C                 -5.5617590000      1.8637440000      1.5285250000
C                 -5.5329530000      1.3231850000     -0.8316450000
C                 -2.1588240000      3.7803640000     -0.8841870000
C                 -1.6606510000      2.9258470000      1.2986050000
C                 -1.3107650000      3.7498520000      0.2053060000
H                 -1.9477630000      4.3770830000     -1.7715370000
H                 -1.0236300000      2.8412560000      2.1811730000
H                 -0.3883120000      4.3276440000      0.2307170000
N                 -6.1895070000      2.2337060000      2.4258520000
N                 -6.1439020000      1.2354060000     -1.8093530000
N                 -3.5557920000      2.2649370000      0.2567530000
N                 -2.7635290000      2.2104450000      1.3143760000
C                 -3.3219610000      3.0080270000     -0.8310980000
H                 -4.0553620000      2.9797660000     -1.6399280000
O                 -3.3854360000     -0.4227990000     -0.3658370000
Yb                 1.7929050000     -0.0775760000     -0.1668880000
C                 -2.2288940000      0.3856170000     -2.7591830000
H                 -2.1378390000     -0.5743100000     -3.2966530000
H                 -3.2943650000      0.5753060000     -2.5796980000
H                 -1.7832650000      1.1651880000     -3.3902130000
C                 -1.8662710000     -1.8427730000      1.7110010000
H                 -2.2033280000     -1.4763410000      2.6944220000
H                 -2.6891910000     -2.3689790000      1.2108050000
H                 -1.0324090000     -2.5370660000      1.8887670000
