C                 -4.0827040000     -0.7452580000     -0.8210050000
C                 -4.5571090000     -0.1628330000     -2.0218950000
C                 -5.2426110000      1.0266740000     -1.9537250000
C                 -5.4897030000      1.6473190000     -0.6858420000
C                 -5.0731590000      1.0480900000      0.5140760000
C                 -4.3891520000     -0.1456060000      0.4556890000
C                 -3.2744710000     -1.9657960000     -0.8050090000
C                 -1.9764210000     -2.0614200000     -1.5775230000
O                 -3.1325680000     -2.7284950000     -1.9740490000
C                 -0.9207270000     -2.8767120000     -0.8375840000
C                 -1.4333350000     -0.9757780000     -2.4947770000
H                 -4.3824240000     -0.6597110000     -2.9766010000
H                 -5.6095280000      1.5106430000     -2.8601190000
H                 -6.0311510000      2.5951340000     -0.6611440000
H                 -5.2932970000      1.5183180000      1.4729660000
H                 -4.0735990000     -0.6689490000      1.3590970000
H                 -3.2900120000     -2.5252790000      0.1409530000
O                 -0.5983690000     -0.2024990000     -2.0627370000
O                  0.0423330000     -2.3058270000     -0.3654670000
Yb                 0.7752360000      0.1431870000     -0.0357540000
O                 -0.3038990000      2.3715300000     -0.4833310000
O                  0.1740850000     -0.9808620000      2.2121190000
O                  2.4992110000     -1.0936260000     -1.3776090000
S                  3.6099240000     -0.8767710000     -0.4215130000
S                  0.8325400000      2.9586900000     -1.2363660000
S                 -1.2840180000     -0.8443820000      2.0389840000
O                  3.1315880000     -0.0549990000      0.7198990000
O                  4.9063830000     -0.5453020000     -0.9732510000
O                  1.8356460000      1.9026680000     -1.5081620000
O                  0.5118760000      3.8718430000     -2.3124630000
O                 -1.5856520000     -0.1264960000      0.7704670000
O                 -2.1105840000     -2.0154640000      2.2909630000
C                 -1.7557260000      0.3827190000      3.3219610000
C                  1.6679890000      3.9704240000      0.0484840000
C                  3.8265110000     -2.5311170000      0.3458990000
F                 -3.0519390000      0.6530280000      3.2308530000
F                 -1.0678560000      1.4977890000      3.1305430000
F                 -1.4954330000     -0.0925540000      4.5258150000
F                  1.9776120000      3.1860230000      1.0792980000
F                  0.8670260000      4.9356270000      0.4731820000
F                  2.7783910000      4.5072810000     -0.4291450000
F                  2.7189100000     -2.8795140000      0.9852940000
F                  4.8310260000     -2.5034920000      1.2093750000
F                  4.0866540000     -3.4355100000     -0.5877360000
C                 -1.1643010000     -4.3420370000     -0.7408970000
H                 -1.2465070000     -4.7659330000     -1.7535980000
H                 -0.3465060000     -4.8140590000     -0.1851840000
H                 -2.1244120000     -4.5329600000     -0.2354160000
C                 -1.8623840000     -0.9677030000     -3.9257240000
H                 -2.6390380000     -1.7061640000     -4.1505150000
H                 -2.1947850000      0.0452030000     -4.1967690000
H                 -0.9665460000     -1.1836190000     -4.5296700000
