C                  1.8413190000     -0.9547460000     -0.7195940000
C                  1.4373490000     -0.2711750000      0.5887520000
C                  0.5606810000     -1.4852170000     -1.3556080000
O                 -0.3719420000     -0.7225740000     -1.6348890000
O                  0.4643680000      0.4890470000      0.6485960000
O                  2.1906770000     -0.5030520000      1.6065590000
O                  0.5244920000     -2.7468070000     -1.6093150000
C                  1.9042680000      0.2141210000      2.8238560000
C                 -0.7168100000     -3.2994270000     -2.0993160000
H                  2.7217850000     -0.0199520000      3.5116600000
H                  0.9443910000     -0.1346990000      3.2270600000
H                  1.8622460000      1.2905360000      2.6074510000
H                 -0.5162120000     -4.3557230000     -2.2980390000
H                 -1.0224490000     -2.7778050000     -3.0150330000
H                 -1.4787170000     -3.1794300000     -1.3171420000
O                 -3.0577140000     -1.2129260000     -0.6272400000
O                 -2.1429830000     -0.1320680000      1.8214260000
O                 -0.6557940000      2.1597580000     -1.2399070000
S                 -1.5533590000      3.1056330000     -0.5128930000
S                 -3.7496040000     -0.4707440000     -1.7319010000
S                 -1.6055160000     -1.5185130000      2.0492290000
O                 -2.2786570000      2.2320900000      0.4766360000
O                 -2.3281510000      4.0500350000     -1.2712120000
O                 -2.9170020000      0.7620560000     -1.8916190000
O                 -4.1302110000     -1.2036170000     -2.9071510000
O                 -0.8407500000     -1.8592310000      0.8183230000
O                 -0.9645310000     -1.7532400000      3.3199820000
C                 -3.1157430000     -2.6261550000      2.0197680000
C                 -5.2876200000      0.1273740000     -0.9144880000
C                 -0.4282960000      4.0993990000      0.5527480000
F                 -2.9950270000     -3.5048780000      1.0467040000
F                 -4.2029080000     -1.9041520000      1.8488050000
F                 -3.1830950000     -3.2559300000      3.1757010000
F                 -4.9460460000      0.7627050000      0.1923890000
F                 -6.0486590000     -0.9070280000     -0.6202310000
F                 -5.9284710000      0.9456670000     -1.7226360000
F                  0.1958970000      3.3040250000      1.3991340000
F                 -1.1381520000      4.9888810000      1.2170820000
F                  0.4490580000      4.7152650000     -0.2196040000
C                  3.7509950000      0.6443270000     -1.3505670000
C                  4.6835130000     -0.5935830000     -1.3418350000
C                  6.0903270000     -0.2061780000     -1.0870250000
C                  4.6804750000     -1.2211290000     -2.6989650000
C                  2.5540640000     -3.0537990000      0.5349430000
C                  4.9032170000     -3.5348200000      0.5733780000
C                  3.5475810000     -3.7846160000      1.0552070000
H                  1.5121390000     -3.1571140000      0.8515930000
H                  5.7197600000     -4.2240010000      0.8056710000
H                  3.3777780000     -4.5385500000      1.8252330000
N                  7.1861800000      0.1434820000     -0.9630470000
N                  4.6264730000     -1.7503000000     -3.7274700000
N                  4.2284820000     -1.5580170000     -0.3491260000
N                  5.2173990000     -2.4784880000     -0.0875650000
C                  2.8795160000     -2.0822270000     -0.5755300000
H                  2.8635090000     -2.6278980000     -1.5460170000
C                  2.3382250000      0.1569580000     -1.6840340000
H                  1.6209590000      0.9910130000     -1.6680780000
H                  2.3285540000     -0.2564030000     -2.7051700000
Sc                -1.5149980000      0.3233730000     -0.1928650000
H                  4.0713680000      1.2645650000     -2.2027870000
C                  3.8502510000      1.5185070000     -0.1026150000
C                  3.1671600000      2.7451320000     -0.1254950000
C                  4.6134850000      1.2026740000      1.0318530000
C                  3.2746210000      3.6455390000      0.9365380000
H                  2.5591310000      3.0103120000     -0.9964890000
C                  4.7228060000      2.1051680000      2.0922710000
H                  5.1167380000      0.2391660000      1.1186660000
C                  4.0609160000      3.3325120000      2.0470560000
H                  2.7466760000      4.5994470000      0.8911600000
H                  5.3293010000      1.8381520000      2.9606360000
H                  4.1523680000      4.0402100000      2.8739160000
