C                 -4.3472450000     -0.7848630000     -0.7446310000
C                 -5.0287370000      0.0300050000     -1.6986620000
C                 -5.9344920000      0.9650680000     -1.2459260000
C                 -6.1622250000      1.1059660000      0.1399600000
C                 -5.5063590000      0.2992400000      1.0883980000
C                 -4.6122080000     -0.6559500000      0.6534740000
C                 -3.4076560000     -1.7611530000     -1.1101830000
C                 -1.8165570000     -1.4233600000     -1.9700150000
O                 -3.0027240000     -1.9372510000     -2.4042430000
C                 -0.7852290000     -2.3560680000     -1.4171940000
C                 -1.4627600000     -0.0071450000     -2.2785670000
H                 -4.8333630000     -0.1115150000     -2.7620740000
H                 -6.4781380000      1.5957080000     -1.9505340000
H                 -6.8746620000      1.8588680000      0.4849470000
H                 -5.7055760000      0.4303950000      2.1526790000
H                 -4.0811170000     -1.3069820000      1.3503700000
H                 -3.0717690000     -2.5078560000     -0.3757750000
O                 -0.3786700000      0.4717710000     -2.0020870000
O                  0.2710510000     -1.9701790000     -0.9570100000
Yb                 1.0075750000      0.2416650000      0.0362170000
O                 -1.1728050000     -3.6038040000     -1.4522010000
O                 -2.4294070000      0.6399760000     -2.8715780000
C                 -0.2921310000     -4.5460700000     -0.8161440000
C                 -2.1998000000      2.0364330000     -3.1301310000
H                 -0.7877610000     -5.5189580000     -0.8803040000
H                 -0.1443320000     -4.2468840000      0.2305410000
H                  0.6730090000     -4.5647970000     -1.3389900000
H                 -3.1647650000      2.4522150000     -3.4360530000
H                 -1.4606340000      2.1439530000     -3.9351320000
H                 -1.8241050000      2.5261240000     -2.2220440000
O                 -0.2802280000      2.4414030000      0.1847900000
O                  0.4307270000     -1.4779230000      1.8977070000
O                  2.8112680000     -0.5589200000     -1.5151340000
S                  3.8657510000     -0.6790840000     -0.4819410000
S                  0.7256600000      3.2385290000     -0.5584190000
S                 -1.0320070000     -1.3742640000      1.7422690000
O                  3.3359930000     -0.2044940000      0.8224740000
O                  5.2016130000     -0.2536040000     -0.8414050000
O                  1.8643440000      2.3681540000     -0.9407360000
O                  0.2216260000      4.1519310000     -1.5651170000
O                 -1.3839550000     -0.3159130000      0.7608470000
O                 -1.7748090000     -2.6212760000      1.5774820000
C                 -1.5835270000     -0.6754210000      3.3498210000
C                  1.4551160000      4.3031420000      0.7474210000
C                  3.9991150000     -2.4940590000     -0.2304220000
F                 -2.8935710000     -0.4720150000      3.3352560000
F                 -0.9688750000      0.4785760000      3.5518750000
F                 -1.2843450000     -1.5106990000      4.3275300000
F                  1.9411810000      3.5378340000      1.7182780000
F                  0.5288290000      5.1023450000      1.2544130000
F                  2.4349410000      5.0378110000      0.2471240000
F                  2.8319880000     -2.9860200000      0.1630070000
F                  4.9103910000     -2.7586790000      0.6938300000
F                  4.3515150000     -3.0828510000     -1.3643020000
