C                 -1.7217850000     -0.1220610000      1.1404590000
C                 -1.3655280000      0.0078090000     -0.2581150000
C                 -0.6131750000     -0.2384360000      2.0646530000
O                  0.5657610000     -0.5185840000      1.7379020000
O                 -0.2181090000      0.1099310000     -0.7350350000
O                 -2.3871710000     -0.0838800000     -1.0728430000
O                 -0.9174090000     -0.1597120000      3.3386050000
C                 -2.1364250000     -0.0656670000     -2.4818650000
C                  0.1447180000     -0.3115850000      4.2888380000
H                 -3.0781970000     -0.3447200000     -2.9659380000
H                 -1.3415930000     -0.7820610000     -2.7325480000
H                 -1.8351600000      0.9425740000     -2.7945670000
H                 -0.3058680000     -0.1584200000      5.2742870000
H                  0.9250900000      0.4383840000      4.1016310000
H                  0.5778330000     -1.3178850000      4.2174550000
O                  3.5079870000     -0.8881320000      0.8809940000
O                  2.4461110000     -0.3377280000     -1.8254710000
O                  0.4989440000      2.0973790000      1.0394030000
S                  1.0186400000      2.9971370000     -0.0228740000
S                  4.1148220000      0.2447600000      1.6498060000
S                  2.1420990000     -1.8069070000     -1.7862940000
O                  1.9028910000      2.1351400000     -0.8750400000
O                  1.5234830000      4.2920310000      0.3544060000
O                  3.0708140000      1.3123650000      1.5913770000
O                  4.7359430000     -0.0436920000      2.9137290000
O                  1.5062070000     -2.0341820000     -0.4627430000
O                  1.5009620000     -2.3788790000     -2.9462980000
C                  3.8233510000     -2.6167970000     -1.6744700000
C                  5.4243930000      0.8569710000      0.5111520000
C                 -0.4577560000      3.3327950000     -1.1249100000
F                  3.8515620000     -3.4230760000     -0.6326000000
F                  4.7637500000     -1.7004080000     -1.5562220000
F                  4.0296610000     -3.3142390000     -2.7761150000
F                  4.8609630000      1.1405720000     -0.6505650000
F                  6.3372070000     -0.0801560000      0.3480660000
F                  5.9794860000      1.9412600000      1.0147190000
F                 -1.5466930000      2.7910940000     -0.5944370000
F                 -0.2555210000      2.8119740000     -2.3197820000
F                 -0.6314030000      4.6335090000     -1.2330160000
C                 -4.4165440000      0.1001030000      1.1601110000
C                 -4.6152230000     -1.4492160000      1.2114570000
C                 -5.9302750000     -1.8756360000      0.6878330000
C                 -4.6023710000     -1.8425790000      2.6435350000
C                 -1.2599780000     -2.8757700000      0.3878500000
C                 -2.8538970000     -3.1812060000     -1.3881730000
C                 -1.5194960000     -3.3179880000     -0.8706200000
H                 -0.2794820000     -2.9790020000      0.8527610000
H                 -3.1203540000     -3.5546950000     -2.3792530000
H                 -0.7469530000     -3.7966970000     -1.4745660000
N                 -6.9945440000     -2.1902280000      0.3631720000
N                 -4.5910800000     -2.1174240000      3.7670830000
N                 -3.5314650000     -2.1816080000      0.5242100000
N                 -3.8120810000     -2.6304550000     -0.7074960000
C                 -2.2919580000     -2.1774900000      1.1037550000
H                 -2.2870820000     -2.1632250000      2.1977320000
C                 -3.0073510000      0.4963470000      1.6821200000
H                 -2.9374490000      1.5910640000      1.5833280000
H                 -3.0080910000      0.2951080000      2.7624010000
Sc                 1.6930860000      0.2186350000      0.1604540000
H                 -5.0825700000      0.4577740000      1.9625420000
C                 -4.9037620000      0.8369090000     -0.0817880000
C                 -5.0350770000      2.2288530000      0.0449400000
C                 -5.2523670000      0.2469090000     -1.3018140000
C                 -5.4833360000      3.0114640000     -1.0186450000
H                 -4.7909020000      2.7090860000      0.9972770000
C                 -5.7121380000      1.0278770000     -2.3663320000
H                 -5.1408620000     -0.8278850000     -1.4537530000
C                 -5.8256110000      2.4118460000     -2.2331170000
H                 -5.5743780000      4.0927350000     -0.8931440000
H                 -5.9750200000      0.5432360000     -3.3095550000
H                 -6.1814390000      3.0195260000     -3.0680350000
