C                  5.5686450000     -0.2862000000     -0.0709240000
C                  5.9893260000      0.0157340000      1.2300080000
C                  7.2798350000     -0.3259690000      1.6320640000
C                  8.1480170000     -0.9609380000      0.7408490000
C                  7.7258060000     -1.2643030000     -0.5551270000
C                  6.4339810000     -0.9322580000     -0.9616380000
C                  1.9888050000      0.2874010000      0.3838430000
C                  1.2722620000     -0.5519010000     -0.6517670000
C                  1.1696730000      0.5275050000      1.6280060000
H                  5.3007940000      0.5019840000      1.9238940000
H                  7.6075970000     -0.0972850000      2.6477530000
H                  9.1576850000     -1.2266640000      1.0604380000
H                  8.3998420000     -1.7686420000     -1.2497460000
H                  6.0968400000     -1.1774260000     -1.9724830000
O                 -0.0410610000      0.5946280000      1.5683320000
O                  0.1702730000     -0.2308900000     -1.0421910000
O                  1.9461900000     -1.5859120000     -1.0715040000
O                  1.8826410000      0.7582110000      2.6904450000
C                  1.2080020000     -2.5105520000     -1.9068470000
C                  1.1152910000      1.0239010000      3.8888650000
H                  1.9292650000     -3.2725290000     -2.2144820000
H                  0.7745730000     -1.9756880000     -2.7623860000
H                  0.3977150000     -2.9355140000     -1.3003570000
H                  1.8433830000      1.3108880000      4.6522200000
H                  0.5810110000      0.1042300000      4.1616160000
H                  0.3943270000      1.8271640000      3.6815660000
O                 -2.1283010000      2.2220800000      0.1095620000
O                 -2.0890060000     -1.8689480000     -1.7142020000
O                 -0.0568810000     -2.1151380000      0.8918280000
S                 -0.7434580000     -2.3648400000      2.1868600000
S                 -2.3783860000      2.4384030000      1.5643100000
S                 -2.1048810000     -0.8274000000     -2.7730370000
O                 -2.1214710000     -1.8236380000      2.1227410000
O                  0.0369520000     -2.0605230000      3.3718700000
O                 -2.8298540000      1.1688160000      2.1636730000
O                 -1.3368330000      3.1942450000      2.2484690000
O                 -2.3641430000      0.4950260000     -2.1501060000
O                 -1.0402550000     -0.8655080000     -3.7643960000
C                 -3.6493980000     -1.1805520000     -3.7001140000
C                 -3.8625800000      3.5185260000      1.5876200000
C                 -0.9867800000     -4.1838110000      2.1987780000
F                 -3.8283630000     -0.2645450000     -4.6368510000
F                 -4.6757480000     -1.1548910000     -2.8630690000
F                 -3.5753220000     -2.3734760000     -4.2633450000
F                 -4.2091810000      3.7790960000      2.8350140000
F                 -4.8612220000      2.9074300000      0.9720510000
F                 -3.5936580000      4.6533540000      0.9618010000
F                  0.1925910000     -4.7859620000      2.1867750000
F                 -1.6678120000     -4.5445040000      1.1231540000
F                 -1.6509660000     -4.5455400000      3.2808370000
C                  4.1928070000      0.1007350000     -0.5323790000
H                  3.8234810000     -0.5834940000     -1.3099890000
C                  4.1688690000      1.5402810000     -1.2052280000
C                  4.9228850000      1.4939990000     -2.4658680000
C                  4.7626490000      2.5355600000     -0.2932770000
C                  0.6246590000      2.5680100000     -0.6141530000
C                  0.9914260000      1.8274330000     -2.8664260000
C                  0.1260300000      2.3827050000     -1.8790340000
H                  0.0047020000      2.9323370000      0.2088420000
H                  0.6162820000      1.5381970000     -3.8510140000
H                 -0.9230310000      2.5887740000     -2.1020290000
N                  5.5661190000      1.4238860000     -3.4242970000
N                  5.2096920000      3.3051400000      0.4460660000
N                  2.7603480000      1.9028170000     -1.4634850000
N                  2.2764380000      1.6126620000     -2.6604360000
C                  1.9637870000      2.1459490000     -0.3559890000
H                  2.5028970000      2.5386170000      0.5134440000
O                  3.3099310000      0.1411580000      0.5736950000
Yb                -1.9767180000     -0.2830020000      0.2319580000
