C                 -4.9707010000      1.6677070000      0.6811300000
C                 -5.8414880000      2.5010960000     -0.0319690000
C                 -6.5198750000      3.5226530000      0.6325470000
C                 -6.3186130000      3.7194050000      2.0014230000
C                 -5.4397850000      2.8948890000      2.7085480000
C                 -4.7656160000      1.8637170000      2.0531570000
C                 -1.9004920000      0.7059420000      0.5712580000
C                 -1.2997030000      1.2274250000     -0.6684200000
C                 -1.0708990000      0.5020220000      1.7726270000
H                 -5.9818410000      2.3502820000     -1.1059050000
H                 -7.1985800000      4.1735950000      0.0777900000
H                 -6.8441970000      4.5251800000      2.5184470000
H                 -5.2762520000      3.0549570000      3.7761320000
H                 -4.0731300000      1.2183060000      2.6001610000
O                  0.1068520000      0.8249390000      1.8507670000
O                 -0.1878990000      1.7328390000     -0.7170510000
O                 -2.0559330000      1.0527980000     -1.7339140000
O                 -1.7212460000     -0.0786920000      2.7574780000
C                 -1.4890350000      1.4366260000     -2.9932320000
C                 -0.9526310000     -0.3708240000      3.9305830000
H                 -2.2196250000      1.1492600000     -3.7561840000
H                 -0.5405120000      0.9076500000     -3.1558340000
H                 -1.3156610000      2.5208180000     -3.0140960000
H                 -1.6072080000     -0.9480430000      4.5909270000
H                 -0.6419180000      0.5624300000      4.4197690000
H                 -0.0594040000     -0.9527440000      3.6626380000
O                  1.7435740000     -1.6934660000      1.3405280000
O                  1.6993560000     -0.7140540000     -1.9738510000
O                  2.5395500000      2.8836730000      0.6001140000
S                  3.7552990000      2.8500560000     -0.2500180000
S                  2.8169100000     -1.3863790000      2.3181730000
S                  0.4886340000     -1.5608220000     -1.8523550000
O                  4.0186780000      1.4555810000     -0.6831650000
O                  4.8881060000      3.6401200000      0.1787340000
O                  3.1875920000      0.0452260000      2.2169600000
O                  2.6664630000     -1.9424340000      3.6479440000
O                 -0.2857600000     -1.2203530000     -0.6419040000
O                 -0.2860540000     -1.7200880000     -3.0771250000
C                  1.1642290000     -3.2639900000     -1.5073040000
C                  4.2673630000     -2.2284320000      1.5709130000
C                  3.1608380000      3.6158380000     -1.8093670000
F                  0.4224460000     -3.8599220000     -0.5855540000
F                  2.4141360000     -3.2026830000     -1.0924140000
F                  1.1142840000     -3.9838670000     -2.6189030000
F                  4.4851470000     -1.7129920000      0.3653840000
F                  4.0331470000     -3.5255890000      1.4475690000
F                  5.3457460000     -2.0508830000      2.3165750000
F                  2.1660000000      2.8738080000     -2.2909310000
F                  4.1330050000      3.6624420000     -2.7059050000
F                  2.7130580000      4.8421420000     -1.5913150000
C                 -4.2709810000      0.5508360000     -0.0454350000
H                 -4.0822600000      0.8133950000     -1.0947860000
C                 -5.0856310000     -0.7929790000     -0.0887670000
C                 -6.3061970000     -0.6273600000     -0.8948450000
C                 -5.4334440000     -1.2072450000      1.2794200000
C                 -2.6739690000     -3.5906670000     -0.7553840000
C                 -3.1764740000     -2.2837280000     -2.7000900000
C                 -2.4732000000     -3.3524450000     -2.0994060000
H                 -2.1625350000     -4.3852550000     -0.2128040000
H                 -3.0472830000     -2.0333580000     -3.7544710000
H                 -1.7853860000     -3.9535630000     -2.6958910000
N                 -7.2685770000     -0.4659880000     -1.5139530000
N                 -5.7013940000     -1.4866760000      2.3686470000
N                 -4.1990240000     -1.7998650000     -0.7490370000
N                 -4.0232290000     -1.5342800000     -2.0308490000
C                 -3.5687420000     -2.7632430000     -0.0730260000
H                 -3.7843700000     -2.8678910000      0.9922660000
Yb                 1.8371650000      0.5359770000      0.1522680000
O                 -3.0959980000      0.1292860000      0.6232210000
