C                 -4.2655650000     -0.7476330000     -0.7411700000
C                 -5.0680820000     -0.0959880000     -1.7346460000
C                 -5.9746390000      0.8543570000     -1.3403170000
C                 -6.1038370000      1.1681720000      0.0414930000
C                 -5.3366230000      0.4964320000      1.0351810000
C                 -4.4399710000     -0.4659070000      0.6518340000
C                 -3.2722180000     -1.7616040000     -1.1073200000
C                 -1.9592710000     -1.4394590000     -1.7877520000
O                 -3.0305650000     -2.0277400000     -2.4530500000
C                 -0.8269450000     -2.3542770000     -1.3707620000
C                 -1.5819260000     -0.0229440000     -2.1633570000
H                 -4.9380010000     -0.3747020000     -2.7806400000
H                 -6.6015590000      1.3690450000     -2.0693830000
H                 -6.8213510000      1.9314980000      0.3494660000
H                 -5.4723710000      0.7498010000      2.0872490000
H                 -3.8425410000     -1.0180220000      1.3762130000
H                 -3.2008290000     -2.6118610000     -0.4109890000
O                 -0.4929890000      0.4633610000     -1.9375600000
O                  0.2261660000     -1.9495520000     -0.9223170000
Yb                 0.9834320000      0.2535030000      0.0399850000
O                 -1.1401050000     -3.6164610000     -1.4889600000
O                 -2.5561970000      0.6145640000     -2.7583110000
C                 -0.1915370000     -4.5464120000     -0.9441750000
C                 -2.3217660000      1.9949260000     -3.0851950000
H                 -0.6302920000     -5.5408790000     -1.0686370000
H                 -0.0337010000     -4.3176060000      0.1187020000
H                  0.7605310000     -4.4728250000     -1.4856430000
H                 -3.2961900000      2.4146640000     -3.3549570000
H                 -1.6293520000      2.0576480000     -3.9350040000
H                 -1.8889670000      2.5176630000     -2.2220950000
O                 -0.3328600000      2.4520430000      0.2179990000
O                  0.5171660000     -1.5107360000      1.9115620000
O                  2.7443950000     -0.5072380000     -1.5894130000
S                  3.8396200000     -0.6008680000     -0.5975870000
S                  0.6528200000      3.2596980000     -0.5388850000
S                 -0.9505260000     -1.4268870000      1.8043950000
O                  3.3540000000     -0.1338100000      0.7265000000
O                  5.1517490000     -0.1492990000     -1.0102550000
O                  1.7863970000      2.4021050000     -0.9605030000
O                  0.1214850000      4.1863960000     -1.5199450000
O                 -1.3514960000     -0.3117820000      0.9079010000
O                 -1.6835920000     -2.6705010000      1.5876820000
C                 -1.4656160000     -0.8442890000      3.4689240000
C                  1.4090550000      4.3099290000      0.7632500000
C                  4.0207760000     -2.4120080000     -0.3488620000
F                 -2.7843370000     -0.6963030000      3.5116390000
F                 -0.8935870000      0.3215930000      3.7217570000
F                 -1.0998110000     -1.7211950000      4.3862660000
F                  1.9231360000      3.5335500000      1.7110680000
F                  0.4917600000      5.0968380000      1.3057150000
F                  2.3727110000      5.0579480000      0.2509190000
F                  2.8781800000     -2.9293680000      0.0819650000
F                  4.9671960000     -2.6560430000      0.5456950000
F                  4.3496810000     -2.9949400000     -1.4931780000
