C                 -4.9273660000      1.1128540000      0.8195840000
C                 -5.7649530000      1.8256090000     -0.0467130000
C                 -6.6116180000      2.8104420000      0.4614250000
C                 -6.6144900000      3.0884750000      1.8306800000
C                 -5.7713780000      2.3825870000      2.6928870000
C                 -4.9269880000      1.3911110000      2.1922900000
C                 -1.8613040000     -0.8912840000      0.5392930000
C                 -1.3642340000     -0.4059930000     -0.8339210000
C                 -0.7449070000     -0.8633830000      1.5949110000
H                 -5.7479270000      1.6083850000     -1.1183630000
H                 -7.2631420000      3.3677340000     -0.2145370000
H                 -7.2730200000      3.8642410000      2.2274620000
H                 -5.7678370000      2.6062610000      3.7615400000
H                 -4.2616600000      0.8433650000      2.8631550000
O                 -0.0296000000      0.1061630000      1.7363490000
O                 -0.6495780000      0.5649270000     -0.9574620000
O                 -1.8612860000     -1.0928680000     -1.8268290000
O                 -0.7091310000     -1.9399420000      2.3263710000
C                 -1.4890380000     -0.6996530000     -3.1618760000
C                  0.3428610000     -2.0185840000      3.3067420000
H                 -1.8615480000     -1.4876440000     -3.8241650000
H                 -0.3978750000     -0.6164250000     -3.2336240000
H                 -1.9576500000      0.2641710000     -3.4001420000
H                  0.2584250000     -3.0092440000      3.7628100000
H                  0.2035950000     -1.2324580000      4.0603230000
H                  1.3111000000     -1.8912360000      2.8034340000
O                  2.9798520000     -0.9190030000      1.3618380000
O                  1.9979230000     -0.8288430000     -1.9624680000
O                  0.7839500000      3.0329050000      0.4611940000
S                  1.3328250000      3.6625760000     -0.7632300000
S                  3.8432130000      0.1011120000      2.0117060000
S                  1.4274870000     -2.1022950000     -1.4662950000
O                  1.9176140000      2.6084130000     -1.6331760000
O                  2.1119730000      4.8708090000     -0.5908200000
O                  3.2962370000      1.4511960000      1.7240950000
O                  4.2797030000     -0.1677830000      3.3633810000
O                  0.7124840000     -1.8642880000     -0.1835310000
O                  0.7076580000     -2.9132370000     -2.4329000000
C                  2.9056850000     -3.1289310000     -0.9813710000
C                  5.3467670000      0.0528680000      0.9583080000
C                 -0.1507610000      4.2206110000     -1.6919100000
F                  2.6701930000     -3.7295820000      0.1708770000
F                  3.9840860000     -2.3766400000     -0.8821660000
F                  3.1069120000     -4.0458550000     -1.9138050000
F                  4.9893990000      0.3135400000     -0.2973660000
F                  5.9075210000     -1.1434710000      1.0075580000
F                  6.2217540000      0.9617480000      1.3534040000
F                 -0.9466550000      3.2025330000     -1.9777020000
F                  0.2290530000      4.7983890000     -2.8221270000
F                 -0.8222890000      5.0997130000     -0.9627300000
C                 -4.0462940000      0.0351270000      0.2554620000
H                 -3.8324640000      0.2336600000     -0.8096800000
C                 -4.7424650000     -1.3943960000      0.2800820000
C                 -5.9659570000     -1.3662620000     -0.5341270000
C                 -5.0640620000     -1.7565390000      1.6753610000
C                 -1.6593840000     -3.5233220000     -0.1499360000
C                 -3.2167670000     -3.7610600000     -1.9534030000
C                 -1.9946740000     -4.1246040000     -1.3295600000
H                 -0.7418750000     -3.7611080000      0.3884980000
H                 -3.5234220000     -4.1893650000     -2.9096040000
H                 -1.3495390000     -4.8708760000     -1.7922840000
N                 -6.9527490000     -1.2691120000     -1.1378100000
N                 -5.2912910000     -2.0230890000      2.7773120000
N                 -3.7844050000     -2.3697140000     -0.2692020000
N                 -4.0759710000     -2.9082910000     -1.4161490000
C                 -2.5461850000     -2.5188860000      0.4389060000
H                 -2.7327930000     -2.6890930000      1.5137860000
Yb                 1.6547830000      0.7321510000     -0.0116990000
O                 -2.8724700000     -0.0841840000      1.0244860000
