C                 -5.4822840000     -0.8444910000      0.2992750000
C                 -5.8118570000     -1.1508120000     -1.0277280000
C                 -6.9350690000     -1.9343440000     -1.2933700000
C                 -7.7277500000     -2.4049120000     -0.2431850000
C                 -7.3957400000     -2.0999400000      1.0792230000
C                 -6.2704230000     -1.3228690000      1.3531510000
C                 -2.0713700000      0.3681720000     -0.2554020000
C                 -1.2364090000     -0.1184630000      0.9154210000
C                 -1.3427350000      0.4777990000     -1.5862750000
H                 -5.1872630000     -0.7870670000     -1.8472250000
H                 -7.1903530000     -2.1795340000     -2.3261670000
H                 -8.6060790000     -3.0178630000     -0.4568780000
H                 -8.0093050000     -2.4743830000      1.9009500000
H                 -5.9976260000     -1.0887440000      2.3856170000
O                 -0.1764830000      0.8311610000     -1.5968170000
O                 -0.1966260000      0.4736060000      1.1586080000
O                  1.8203530000      2.5044570000      0.1518650000
O                  1.7186010000     -1.9005430000      1.4887220000
O                 -0.1031560000     -1.8503500000     -0.7759000000
S                  0.6211000000     -2.2870980000     -1.9918490000
S                  2.2601340000      2.8814560000     -1.2157820000
S                  2.6170390000     -1.2930660000      2.4998360000
O                  1.9099000000     -1.5612740000     -2.1133920000
O                 -0.1705670000     -2.4045510000     -3.2022670000
O                  2.6728510000      1.6758290000     -1.9662600000
O                  1.4112160000      3.8387470000     -1.9049570000
O                  2.9387710000      0.0996590000      2.1039330000
O                  2.3048120000     -1.5304870000      3.8931250000
C                  4.1995560000     -2.1661640000      2.1753370000
C                  3.8444690000      3.7599100000     -0.9230700000
C                  1.1483230000     -4.0049110000     -1.6017410000
F                  5.1648430000     -1.6865750000      2.9428530000
F                  4.5341450000     -1.9828610000      0.8988650000
F                  4.0691880000     -3.4633330000      2.3999420000
F                  4.3845740000      4.1176910000     -2.0767930000
F                  4.6839410000      2.9589200000     -0.2815230000
F                  3.6326240000      4.8411760000     -0.1889050000
F                  0.1016150000     -4.7142420000     -1.2065530000
F                  2.0588620000     -4.0034010000     -0.6425060000
F                  1.6649670000     -4.5648860000     -2.6853300000
C                 -4.2981250000      0.0233680000      0.6118560000
H                 -3.8927020000     -0.1940990000      1.6143530000
C                 -4.6509790000      1.5707360000      0.6553050000
C                 -5.6559080000      1.8372270000      1.6947520000
C                 -5.1470820000      1.9859710000     -0.6681810000
C                 -1.1938280000      2.9766070000      0.3538980000
C                 -1.9832660000      2.9192570000      2.6158430000
C                 -0.9741810000      3.2609510000      1.6768300000
H                 -0.4582520000      3.1928910000     -0.4223010000
H                 -1.8394520000      3.0627760000      3.6886440000
H                 -0.0437450000      3.7229880000      2.0086230000
N                 -6.4840230000      2.0018520000      2.4838440000
N                 -5.5200420000      2.2530530000     -1.7296090000
N                 -3.3893560000      2.2639940000      0.9756500000
N                 -3.1538760000      2.4291360000      2.2616000000
C                 -2.4164070000      2.3312240000     -0.0063110000
H                 -2.8039190000      2.4517920000     -1.0244230000
O                 -3.3254070000     -0.1064190000     -0.4051940000
Yb                 1.8628860000      0.0042480000     -0.1969800000
C                 -2.1527690000      0.1974280000     -2.8033260000
H                 -2.5120470000     -0.8424310000     -2.7613600000
H                 -3.0411810000      0.8530340000     -2.8207640000
H                 -1.5363780000      0.3525470000     -3.6953040000
C                 -1.6608870000     -1.3321740000      1.6747390000
H                 -2.1250370000     -1.0156520000      2.6244930000
H                 -2.3585640000     -1.9674800000      1.1151720000
H                 -0.7400850000     -1.8815500000      1.9151080000
