C                  1.7915690000     -0.8095020000     -0.9828080000
C                  1.6201200000      0.0963880000      0.2281540000
C                  0.5034740000     -1.4001760000     -1.5258510000
O                 -0.4459650000     -0.6859000000     -1.7553110000
O                  0.6096120000      0.7312870000      0.4132020000
O                  2.6435570000      0.0972600000      1.0419250000
O                  0.5897570000     -2.6738180000     -1.8007190000
C                  2.5636500000      0.9820980000      2.1738880000
C                 -0.6565820000     -3.2973350000     -2.1844980000
H                  3.5722400000      1.0106090000      2.6012030000
H                  1.8324110000      0.5728490000      2.8830840000
H                  2.2535930000      1.9782360000      1.8335940000
H                 -0.4251670000     -4.3509790000     -2.3631940000
H                 -1.0618270000     -2.8155090000     -3.0823080000
H                 -1.3724600000     -3.1658340000     -1.3613060000
O                 -2.9885060000     -1.5383470000     -0.3620670000
O                 -1.4276220000     -0.4573210000      2.1340420000
O                 -0.8209330000      2.7923360000     -0.9641630000
S                 -1.6936540000      3.6481670000     -0.1192590000
S                 -3.6527990000     -1.1577030000     -1.6412830000
S                 -0.4495650000     -1.5588670000      2.1306960000
O                 -2.5793010000      2.7657300000      0.6906920000
O                 -2.2822200000      4.8148870000     -0.7243080000
O                 -3.3278170000      0.2615340000     -1.9364390000
O                 -3.5561450000     -2.1082900000     -2.7279180000
O                 -0.0932700000     -2.0079580000      0.7631300000
O                  0.7078500000     -1.3979690000      3.0113020000
C                 -1.3304870000     -3.0171950000      2.8111680000
C                 -5.4276820000     -1.0881070000     -1.1767200000
C                 -0.5411670000      4.3116630000      1.1557520000
F                 -0.4845380000     -4.0482190000      2.7686630000
F                 -2.3934840000     -3.3003720000      2.0928220000
F                 -1.6777730000     -2.7994110000      4.0648850000
F                 -5.5771640000     -0.2351650000     -0.1715490000
F                 -5.8409120000     -2.2849030000     -0.7938930000
F                 -6.1531920000     -0.6826760000     -2.2029900000
F                  0.1749950000      3.3231880000      1.6917900000
F                 -1.2131430000      4.9186980000      2.1141410000
F                  0.3026550000      5.1822050000      0.6061350000
C                  3.8614910000      0.0931380000     -1.9208370000
C                  4.7849200000     -1.1001070000     -1.4671280000
C                  6.1977510000     -0.7162410000     -1.3212420000
C                  4.7190830000     -2.1126370000     -2.5466170000
C                  2.5743550000     -2.9378890000      0.9324450000
C                  4.4581000000     -1.9097000000      2.0092410000
C                  3.2580330000     -2.6697780000      2.0907860000
H                  1.6498530000     -3.5142620000      0.9120070000
H                  5.0511500000     -1.6808300000      2.8974440000
H                  2.8939780000     -3.0308860000      3.0526060000
N                  7.3179530000     -0.4288900000     -1.3048910000
N                  4.6676220000     -2.8965100000     -3.3958120000
N                  4.2680300000     -1.7219020000     -0.2259350000
N                  4.9359800000     -1.4433080000      0.8814440000
C                  3.0634370000     -2.3874630000     -0.2827200000
H                  2.7980390000     -2.8316440000     -1.2465430000
H                  4.1552060000      0.2823860000     -2.9657110000
C                  3.8253100000      1.4111010000     -1.1740330000
C                  2.7106980000      2.2176860000     -1.4553670000
C                  4.7981150000      1.8652000000     -0.2762440000
C                  2.5522290000      3.4517610000     -0.8283220000
H                  1.9308030000      1.8744010000     -2.1408480000
C                  4.6471580000      3.1159150000      0.3285870000
H                  5.6656810000      1.2565950000     -0.0192040000
C                  3.5266220000      3.9070240000      0.0621110000
H                  1.6550990000      4.0356360000     -1.0346050000
H                  5.4107550000      3.4657260000      1.0264070000
H                  3.4017070000      4.8729450000      0.5557670000
Yb                -1.8146850000      0.6151030000     -0.0646630000
O                  2.5694910000     -0.4913190000     -2.0404440000
