C                 -1.9741330000     -0.9104740000      0.8080930000
C                 -1.4723920000     -0.4629020000     -0.5766500000
C                 -0.8151670000     -1.3538060000      1.7288650000
O                  0.3023220000     -0.8565590000      1.6191140000
O                 -0.4883480000      0.2817360000     -0.6250560000
O                  3.0807560000     -1.3184680000      0.6809740000
O                  2.1688090000     -0.2338760000     -1.8368400000
O                  0.6072280000      2.0102110000      1.1928180000
S                  1.5624540000      2.9392040000      0.5192960000
S                  3.7245330000     -0.5585850000      1.8031470000
S                  1.6782540000     -1.6422380000     -2.0396870000
O                  2.3412480000      2.0549390000     -0.4156230000
O                  2.2885520000      3.8881980000      1.3188600000
O                  2.8400440000      0.6349300000      1.9610990000
O                  4.1195690000     -1.2867350000      2.9770110000
O                  0.9482610000     -1.9773930000     -0.7864430000
O                  1.0230870000     -1.9282920000     -3.2919750000
C                  3.2368960000     -2.6798920000     -2.0230020000
C                  5.2596680000      0.0944430000      1.0229140000
C                  0.5290070000      3.9154620000     -0.6473230000
F                  3.1339890000     -3.6076080000     -1.0950210000
F                  4.2875700000     -1.9207510000     -1.7904950000
F                  3.3623380000     -3.2512410000     -3.2053570000
F                  4.9361340000      0.7054870000     -0.1016300000
F                  6.0692260000     -0.9138110000      0.7653710000
F                  5.8441900000      0.9441450000      1.8426580000
F                 -0.0267120000      3.0947560000     -1.5175410000
F                  1.2942880000      4.7832280000     -1.2785040000
F                 -0.4076820000      4.5581510000      0.0284790000
C                 -3.8675210000      0.8334890000      1.0636310000
C                 -4.8480320000     -0.3628520000      1.1534860000
C                 -6.2167240000      0.0304920000      0.7493240000
C                 -4.9479710000     -0.8014740000      2.5789420000
C                 -2.7007840000     -3.2002480000     -0.0519160000
C                 -5.0596890000     -3.5359040000     -0.3487560000
C                 -3.6767270000     -3.9565550000     -0.5686970000
H                 -1.6387840000     -3.4388950000     -0.1764610000
H                 -5.8922380000     -4.2040950000     -0.5853110000
H                 -3.4725450000     -4.8607260000     -1.1439160000
N                 -7.2853990000      0.3987260000      0.5030860000
N                 -4.9433720000     -1.1950540000      3.6681580000
N                 -4.3595820000     -1.4693330000      0.3385860000
N                 -5.3707810000     -2.3676150000      0.0838860000
C                 -3.0682860000     -2.0000600000      0.7867220000
H                 -3.1889870000     -2.3412940000      1.8359240000
C                 -2.4952710000      0.3594360000      1.5555830000
H                 -1.7457150000      1.1581470000      1.4530330000
H                 -2.5678600000      0.1204380000      2.6288870000
Sc                 1.5020650000      0.1481590000      0.1853060000
H                 -4.2160430000      1.5749110000      1.8002620000
C                 -3.8404990000      1.5232680000     -0.2945670000
C                 -3.1033290000      2.7158640000     -0.3810450000
C                 -4.5278090000      1.0803660000     -1.4337650000
C                 -3.0633370000      3.4506160000     -1.5647300000
H                 -2.5625590000      3.0781840000      0.4984820000
C                 -4.4863090000      1.8162410000     -2.6211760000
H                 -5.0919790000      0.1465260000     -1.4251590000
C                 -3.7567600000      3.0023220000     -2.6921570000
H                 -2.4907280000      4.3791100000     -1.6057560000
H                 -5.0302800000      1.4518980000     -3.4952960000
H                 -3.7286120000      3.5776340000     -3.6200470000
C                 -1.0597500000     -2.3139190000      2.8421280000
H                 -0.1606330000     -2.3616090000      3.4660650000
H                 -1.9311580000     -2.0133850000      3.4450660000
H                 -1.2745410000     -3.3133840000      2.4290470000
C                 -2.0632520000     -0.9126120000     -1.8635300000
H                 -3.0980910000     -1.2561140000     -1.8024990000
H                 -1.9420610000     -0.1048110000     -2.5984950000
H                 -1.4237420000     -1.7535520000     -2.1927660000
