C                  5.5247650000     -0.7685150000      0.0949160000
C                  5.8022580000     -1.6024690000      1.1881770000
C                  6.9537050000     -2.3930960000      1.1998440000
C                  7.8402880000     -2.3624790000      0.1216580000
C                  7.5718370000     -1.5358410000     -0.9721690000
C                  6.4221380000     -0.7459960000     -0.9832390000
C                  1.7653150000      0.3210680000      0.6449490000
C                  1.1461640000      0.5065060000     -0.7298950000
C                  0.7400380000     -0.2525860000      1.6039640000
H                  5.1235840000     -1.6429210000      2.0435060000
H                  7.1560180000     -3.0379530000      2.0578500000
H                  8.7385440000     -2.9839270000      0.1324080000
H                  8.2578320000     -1.5076050000     -1.8216330000
H                  6.2094640000     -0.0998150000     -1.8398370000
O                 -0.4470770000      0.1060340000      1.6012040000
O                 -0.0312280000      0.3075590000     -1.0357240000
O                  1.9923940000      0.9580700000     -1.6016030000
O                  1.1920110000     -1.0795460000      2.4847080000
C                  1.4931820000      1.3395220000     -2.8960610000
C                  0.2448190000     -1.6662040000      3.3992690000
H                  2.3318830000      1.8125460000     -3.4151340000
H                  0.6582720000      2.0431670000     -2.7703990000
H                  1.1509440000      0.4478420000     -3.4361440000
H                  0.8096160000     -2.3905050000      3.9927580000
H                 -0.5497070000     -2.1597190000      2.8232830000
H                 -0.1820410000     -0.8837140000      4.0394010000
O                 -3.4913600000      0.3457770000      1.3588910000
O                 -2.9390730000      0.7305800000     -1.5416200000
O                 -0.2890130000     -2.1422150000      0.0907430000
S                 -0.9543470000     -2.7564260000     -1.0905970000
S                 -3.8459610000     -1.0290810000      1.8423530000
S                 -2.7256750000      2.1533770000     -1.1006880000
O                 -2.0496130000     -1.7994740000     -1.4668030000
O                 -1.2863320000     -4.1553500000     -1.0418560000
O                 -2.7560290000     -1.8834850000      1.2738600000
O                 -4.2064970000     -1.1978260000      3.2219310000
O                 -1.8518690000      2.0332790000      0.0989720000
O                 -2.3574760000      3.1103240000     -2.1127260000
C                 -4.3979370000      2.6879920000     -0.4555190000
C                 -5.3086100000     -1.4564270000      0.8083600000
C                  0.2724960000     -2.5668330000     -2.4929800000
F                 -4.2658020000      3.1424330000      0.7728900000
F                 -5.2339010000      1.6690960000     -0.4705050000
F                 -4.8587350000      3.6454820000     -1.2359400000
F                 -4.9661750000     -1.3045040000     -0.4598440000
F                 -6.3046940000     -0.6468970000      1.1032910000
F                 -5.6590600000     -2.7058380000      1.0309990000
F                  1.4128420000     -2.0786650000     -2.0239500000
F                 -0.2074570000     -1.7402550000     -3.4005880000
F                  0.4934940000     -3.7448120000     -3.0335940000
C                  4.3047180000      0.1282350000      0.0425380000
H                  4.1393990000      0.4144120000     -1.0056310000
C                  4.5256580000      1.4989400000      0.7639100000
C                  5.6879620000      2.1977160000      0.1769390000
C                  4.8086120000      1.2830340000      2.2053720000
C                  0.9965350000      2.7563620000      1.0254490000
C                  2.3040070000      3.8557860000     -0.6907240000
C                  1.0740390000      3.7013600000      0.0730500000
H                  0.0988460000      2.6244240000      1.6304310000
H                  2.3768130000      4.5736690000     -1.5111270000
H                  0.2348590000      4.3716810000     -0.1214720000
N                  6.6470230000      2.6705340000     -0.2643440000
N                  4.9935620000      1.0772180000      3.3291010000
N                  3.3296170000      2.3217130000      0.6305640000
N                  3.3657290000      3.1838960000     -0.4118100000
C                  2.1199080000      1.7811590000      1.2180270000
H                  2.3121390000      1.6053850000      2.2927600000
Sc                -1.8148050000     -0.2577640000      0.0344340000
C                  3.0526340000     -0.5333140000      0.6251860000
H                  2.8607760000     -1.4797730000      0.0987940000
H                  3.2553750000     -0.7912720000      1.6746420000
