C                  2.0237850000     -0.8085610000     -0.6161780000
C                  1.7058040000      0.1089830000      0.6267180000
C                  0.6910190000     -1.3700380000     -1.2398730000
O                 -0.1227540000     -0.5365520000     -1.5742870000
O                  0.7169370000      0.8109740000      0.5638240000
O                 -2.6479130000     -1.7218310000     -0.6661440000
O                 -1.6350850000     -0.3186670000      2.3945480000
O                 -1.0929980000      2.6642280000     -1.0684900000
S                 -2.0530220000      3.5042490000     -0.3158370000
S                 -3.1722420000     -1.2509790000     -1.9726540000
S                 -0.7470210000     -1.5010210000      2.4824230000
O                 -2.9039870000      2.6339310000      0.5371260000
O                 -2.7159400000      4.5699710000     -1.0346230000
O                 -2.9895730000      0.2163040000     -2.0855620000
O                 -2.8401510000     -2.0555670000     -3.1321690000
O                 -0.1813280000     -1.8459350000      1.1570860000
O                  0.1965520000     -1.5168400000      3.5901250000
C                 -1.8908000000     -2.8919660000      2.8499570000
C                 -4.9891370000     -1.4193760000     -1.7721100000
C                 -0.9777390000      4.3426290000      0.9159430000
F                 -1.2346020000     -4.0359430000      2.7144870000
F                 -2.9215520000     -2.8805610000      2.0263580000
F                 -2.3263970000     -2.7879930000      4.0950640000
F                 -5.3867070000     -0.7187110000     -0.7174070000
F                 -5.3101390000     -2.6911810000     -1.5885190000
F                 -5.6116640000     -0.9670240000     -2.8490450000
F                 -0.3695090000      3.4328100000      1.6679090000
F                 -1.6986600000      5.1328030000      1.6950150000
F                 -0.0566410000      5.0699330000      0.2975160000
C                  3.7861180000      0.4623310000     -1.7464640000
C                  4.6938320000     -0.8110080000     -1.7754490000
C                  6.1248450000     -0.5200520000     -1.9432560000
C                  4.2420680000     -1.6463780000     -2.9141370000
C                  2.8680410000     -2.6822700000      0.9636700000
C                  5.2437060000     -2.6789510000      1.2597200000
C                  3.9519370000     -3.0759520000      1.6930640000
H                  1.8412930000     -2.9051560000      1.2709210000
H                  6.1465570000     -2.9501580000      1.8101870000
H                  3.8400640000     -3.6535230000      2.6108350000
N                  7.2326190000     -0.2669180000     -2.1546440000
N                  3.8551510000     -2.3087660000     -3.7795220000
N                  4.4285910000     -1.5627770000     -0.5334690000
N                  5.4447960000     -1.9320530000      0.1792090000
C                  3.0400740000     -1.9636760000     -0.3202640000
H                  2.8402640000     -2.7240060000     -1.1111880000
H                  3.8846770000      0.9351550000     -2.7354810000
C                  4.0667060000      1.4776580000     -0.6587550000
C                  3.1317340000      2.5216240000     -0.5603080000
C                  5.1532000000      1.4426810000      0.2239020000
C                  3.2670210000      3.5003490000      0.4213920000
H                  2.2782360000      2.5473200000     -1.2428580000
C                  5.2927670000      2.4333260000      1.1994590000
H                  5.9012420000      0.6484650000      0.1864300000
C                  4.3499790000      3.4568250000      1.3049790000
H                  2.5228320000      4.2951400000      0.4971110000
H                  6.1424680000      2.3954880000      1.8839430000
H                  4.4593670000      4.2232630000      2.0752420000
Yb                -1.7053030000      0.4957920000      0.0455960000
O                  2.4666380000     -0.0341930000     -1.7125670000
C                  0.5195470000     -2.8098660000     -1.5866010000
H                 -0.5220660000     -2.9463980000     -1.9024220000
H                  1.1830900000     -3.0407110000     -2.4401600000
H                  0.7615280000     -3.4910160000     -0.7601270000
C                  2.5424690000      0.1162160000      1.8660630000
H                  2.0428890000     -0.5450230000      2.5962920000
H                  3.5832330000     -0.1937910000      1.7372880000
H                  2.5118490000      1.1361570000      2.2761500000
