C                 -5.6874080000      0.4394920000     -0.1277340000
C                 -6.3772780000      0.3743920000     -1.3466080000
C                 -7.6476730000      0.9376370000     -1.4749390000
C                 -8.2421190000      1.5737210000     -0.3827160000
C                 -7.5605720000      1.6465070000      0.8346350000
C                 -6.2888880000      1.0851130000      0.9627980000
C                 -1.8237300000      0.4924260000      0.5024570000
C                 -1.2672670000      0.8242500000     -0.7677250000
C                 -0.9839740000      0.0209560000      1.5412080000
H                 -5.9072830000     -0.1226300000     -2.2006230000
H                 -8.1719340000      0.8824050000     -2.4313870000
H                 -9.2355630000      2.0169760000     -0.4812150000
H                 -8.0187120000      2.1471010000      1.6903690000
H                 -5.7663350000      1.1552630000      1.9199590000
O                  0.2619910000     -0.2177500000      1.3914010000
O                 -0.0239040000      0.7962530000     -1.0304210000
O                  3.0748450000     -1.1485870000      0.9374880000
O                  2.7485640000     -0.1124600000     -1.7845670000
O                  0.7995790000      2.4568760000      1.0198600000
S                  1.6265920000      3.3028900000      0.1254060000
S                  3.7591550000     -0.2569170000      1.9211980000
S                  2.1520680000     -1.4629760000     -2.0225440000
O                  2.4549990000      2.3570050000     -0.6878840000
O                  2.2978900000      4.4478550000      0.6908650000
O                  3.0540010000      1.0512550000      1.8024680000
O                  4.0209560000     -0.7782820000      3.2381820000
O                  1.1847150000     -1.6756560000     -0.9162440000
O                  1.7085670000     -1.7637050000     -3.3635540000
C                  3.5447790000     -2.6637510000     -1.6854390000
C                  5.3978400000      0.0607120000      1.1499430000
C                  0.4137290000      4.0033760000     -1.1133430000
F                  3.1631400000     -3.5362600000     -0.7695080000
F                  4.6217760000     -2.0260840000     -1.2725860000
F                  3.8270190000     -3.3090340000     -2.8037980000
F                  5.2170780000      0.5595350000     -0.0598730000
F                  6.0730960000     -1.0711660000      1.0688740000
F                  6.0703740000      0.9247210000      1.8882330000
F                 -0.8227400000      3.8058570000     -0.6803610000
F                  0.5591610000      3.4224300000     -2.2891640000
F                  0.6231420000      5.3007150000     -1.2413540000
C                 -4.3010200000     -0.1702200000     -0.0292410000
H                 -3.9435590000     -0.3393060000     -1.0542660000
C                 -4.4064740000     -1.6291850000      0.5526470000
C                 -5.3335880000     -2.4301950000     -0.2739440000
C                 -4.9017210000     -1.5909820000      1.9379670000
C                 -1.2238940000     -3.4854260000      1.3634110000
C                 -1.4150880000     -2.8765720000     -0.9438870000
C                 -0.6746170000     -3.4804470000      0.0987370000
H                 -0.7246790000     -3.9358850000      2.2213300000
H                 -1.0357070000     -2.8418070000     -1.9665730000
H                  0.3005800000     -3.9184790000     -0.1118380000
N                 -6.0482520000     -3.0487820000     -0.9400490000
N                 -5.2830100000     -1.5043390000      3.0266870000
N                 -3.0741770000     -2.3216210000      0.4838140000
N                 -2.5881760000     -2.3205700000     -0.7448040000
Sc                 1.6625340000      0.4346980000      0.0868240000
C                 -3.3051600000      0.7314410000      0.7319880000
H                 -3.5583490000      1.7584310000      0.4248290000
H                 -3.5401830000      0.7053660000      1.8049730000
C                 -2.4727110000     -2.8817300000      1.5355090000
H                 -2.9851850000     -2.8494000000      2.4980980000
C                 -2.1309930000      1.2370480000     -1.9274970000
H                 -2.3967850000      0.3323220000     -2.5014700000
H                 -3.0588960000      1.7472290000     -1.6400200000
H                 -1.5392020000      1.8806950000     -2.5899190000
C                 -1.4709920000     -0.2070410000      2.9470530000
H                 -2.5361100000     -0.4380890000      3.0563080000
H                 -0.8632910000     -0.9985210000      3.4058210000
H                 -1.2748560000      0.7209190000      3.5112330000
