C                  5.4092120000      0.8504860000      0.3714110000
C                  5.7744250000      1.2476300000     -0.9210510000
C                  6.8870790000      2.0690250000     -1.0989850000
C                  7.6328550000      2.4892260000      0.0047200000
C                  7.2656060000      2.0947160000      1.2931990000
C                  6.1513110000      1.2780510000      1.4790340000
C                  2.0366340000     -0.3623020000     -0.3230740000
C                  1.2320150000      0.0268140000      0.9078420000
C                  1.2868630000     -0.4371360000     -1.6446370000
H                  5.1814740000      0.9250070000     -1.7795350000
H                  7.1698780000      2.3850660000     -2.1046180000
H                  8.5023010000      3.1336080000     -0.1397050000
H                  7.8430410000      2.4292680000      2.1567130000
H                  5.8572320000      0.9721640000      2.4870680000
O                  0.1647970000     -0.9047340000     -1.6518060000
O                  0.2507420000     -0.6404990000      1.1766880000
O                 -1.7353500000     -2.5391730000      0.3183060000
O                 -1.6625650000      1.5969640000      1.6388560000
O                  0.2356220000      1.7261870000     -0.6989260000
S                 -0.5677670000      2.3052420000     -1.8164370000
S                 -2.2419380000     -2.9576180000     -1.0193110000
S                 -2.9912180000      1.2839500000      2.2386010000
O                 -1.9033900000      1.6656870000     -1.8513040000
O                  0.1366530000      2.4331380000     -3.0760110000
O                 -2.7585170000     -1.7744620000     -1.7394680000
O                 -1.3515720000     -3.8546140000     -1.7406660000
O                 -3.5394270000      0.0901290000      1.5359760000
O                 -3.0969340000      1.3263310000      3.6748090000
C                 -4.0423100000      2.6377190000      1.5782350000
C                 -3.7398390000     -3.9428620000     -0.6285930000
C                 -0.8988760000      4.0246220000     -1.2588750000
F                 -5.2870140000      2.5028820000      1.9988410000
F                 -4.0228940000      2.5725820000      0.2497450000
F                 -3.5748560000      3.8125820000      1.9616510000
F                 -4.2913310000     -4.3884890000     -1.7422100000
F                 -4.6045210000     -3.1887870000      0.0237000000
F                 -3.3939970000     -4.9724220000      0.1310330000
F                  0.2546830000      4.6709600000     -1.1660380000
F                 -1.4888840000      4.0199940000     -0.0793370000
F                 -1.6711080000      4.6336450000     -2.1390730000
C                  4.2338480000     -0.0569360000      0.5837470000
H                  3.7835590000      0.0938520000      1.5795240000
C                  4.6107170000     -1.5932640000      0.5574590000
C                  5.6057300000     -1.8987280000      1.5940790000
C                  5.1252210000     -1.9349450000     -0.7801220000
C                  1.1813840000     -3.0397400000      0.1101550000
C                  1.9020880000     -3.0276560000      2.3981970000
C                  0.9272450000     -3.3627000000      1.4200860000
H                  0.4560810000     -3.2447200000     -0.6851010000
H                  1.7226970000     -3.1849980000      3.4639270000
H                 -0.0261960000     -3.8162730000      1.6944870000
N                  6.4213210000     -2.0961380000      2.3897370000
N                  5.4881830000     -2.1584170000     -1.8559830000
N                  3.3559610000     -2.3289300000      0.8189100000
N                  3.0763620000     -2.5147120000      2.0988300000
C                  2.4031330000     -2.3631630000     -0.1850760000
H                  2.8171110000     -2.3987440000     -1.1985320000
O                  3.2905250000      0.1157430000     -0.4525980000
Yb                -1.8557930000     -0.0745070000     -0.1773430000
C                  2.0390250000      0.0001640000     -2.8561730000
H                  2.2449950000      1.0773170000     -2.7588870000
H                  3.0028210000     -0.5314110000     -2.9275540000
H                  1.4192040000     -0.1694660000     -3.7426840000
C                  1.6144550000      1.2406890000      1.7011970000
H                  1.9977800000      0.9303940000      2.6871570000
H                  2.3345760000      1.8840880000      1.1814320000
H                  0.6686410000      1.7821800000      1.8619250000
