C                 -4.7237090000      1.3650750000      0.7547670000
C                 -5.5678950000      2.1254980000     -0.0634550000
C                 -6.2342990000      3.2315620000      0.4634880000
C                 -6.0504970000      3.5833240000      1.8031400000
C                 -5.2003390000      2.8295750000      2.6162850000
C                 -4.5359280000      1.7177830000      2.0969480000
C                 -1.9612690000     -1.0495290000      0.3062460000
C                 -1.4466510000     -0.5288500000     -1.0854640000
C                 -0.8123160000     -1.0492570000      1.3809030000
H                 -5.6958660000      1.8523490000     -1.1145620000
H                 -6.8898020000      3.8257040000     -0.1763880000
H                 -6.5664180000      4.4541390000      2.2135710000
H                 -5.0488090000      3.1103460000      3.6604910000
H                 -3.8628060000      1.1327510000      2.7270250000
O                 -0.2282710000      0.0028760000      1.5329670000
O                 -0.7221160000      0.4456910000     -1.0827730000
O                  2.6431930000     -1.0860560000      1.4130720000
O                  2.2216290000     -0.8625110000     -1.8910630000
O                  0.6666720000      2.9641670000      0.2644130000
S                  1.5711110000      3.6053250000     -0.7189660000
S                  3.3941590000     -0.1096660000      2.2417770000
S                  1.5819090000     -2.1642540000     -1.5912870000
O                  2.4425290000      2.5658400000     -1.3283710000
O                  2.2042240000      4.8467340000     -0.3303310000
O                  2.9184820000      1.2613370000      1.9266890000
O                  3.5920580000     -0.4407160000      3.6356720000
O                  0.6378510000     -2.0170540000     -0.4527100000
O                  1.0619470000     -2.9120500000     -2.7233590000
C                  2.9601020000     -3.2249760000     -0.9159500000
C                  5.0588790000     -0.1333870000      1.4661580000
C                  0.4529600000      4.0587920000     -2.1031130000
F                  2.5449020000     -3.8491700000      0.1714970000
F                  4.0216920000     -2.4954240000     -0.6363710000
F                  3.2881710000     -4.1247500000     -1.8295330000
F                  4.9356050000      0.1824150000      0.1796130000
F                  5.5982040000     -1.3370170000      1.5654960000
F                  5.8529710000      0.7483770000      2.0506800000
F                 -0.1242490000      2.9719950000     -2.5963070000
F                  1.1452340000      4.6511890000     -3.0640890000
F                 -0.4863710000      4.8873300000     -1.6730130000
C                 -4.0324960000      0.1599880000      0.1783180000
H                 -3.8977700000      0.2822800000     -0.9115540000
C                 -4.8784930000     -1.1606900000      0.3530440000
C                 -6.1647080000     -1.0491810000     -0.3481830000
C                 -5.0822820000     -1.4189810000      1.7937180000
C                 -2.0168200000     -3.5245870000     -0.4652480000
C                 -4.0823680000     -4.1436180000     -1.4977850000
C                 -2.7028730000     -4.3816050000     -1.2751670000
H                 -0.9426260000     -3.6328450000     -0.2999080000
H                 -4.6893880000     -4.7953990000     -2.1287770000
H                 -2.2064100000     -5.2184950000     -1.7665680000
N                 -7.1754510000     -0.8727090000     -0.8804180000
N                 -5.1984780000     -1.6218260000      2.9263480000
N                 -4.0852140000     -2.2705060000     -0.2179030000
N                 -4.7206160000     -3.0981470000     -0.9856380000
C                 -2.7086670000     -2.4245660000      0.2520590000
H                 -2.7866520000     -2.7373750000      1.3205070000
Yb                 1.5533950000      0.6430240000     -0.0512430000
O                 -2.8248380000     -0.0784200000      0.8478290000
C                 -0.5832100000     -2.2100070000      2.2857840000
H                  0.3479540000     -2.0276720000      2.8354560000
H                 -1.4228140000     -2.2589620000      3.0016050000
H                 -0.5237090000     -3.1706260000      1.7607990000
C                 -1.8709450000     -1.1641780000     -2.3688490000
H                 -1.1994530000     -2.0165460000     -2.5701150000
H                 -2.9092760000     -1.5222330000     -2.3659620000
H                 -1.7297480000     -0.4315540000     -3.1736080000
