C                  5.6288590000     -0.7182770000      0.1771780000
C                  5.9618350000     -1.4034000000      1.3551750000
C                  7.1538580000     -2.1266580000      1.4382910000
C                  8.0247770000     -2.1774810000      0.3480350000
C                  7.7003870000     -1.4998710000     -0.8296860000
C                  6.5106020000     -0.7760830000     -0.9121150000
C                  1.7540330000      0.0141230000      0.5341170000
C                  1.1663490000      0.2106080000     -0.7817310000
C                  0.8121140000     -0.2539610000      1.6047660000
H                  5.2951450000     -1.3798490000      2.2204940000
H                  7.3996360000     -2.6556830000      2.3616980000
H                  8.9545990000     -2.7467430000      0.4151560000
H                  8.3738560000     -1.5364810000     -1.6887620000
H                  6.2551100000     -0.2451070000     -1.8336810000
O                 -0.3998610000      0.0686990000      1.5788590000
O                 -0.0471710000      0.2183190000     -1.0631260000
O                  2.0424450000      0.4716290000     -1.7242380000
O                  1.3195610000     -0.7519500000      2.7037100000
C                  1.5539170000      0.8052010000     -3.0285590000
C                  0.4275770000     -0.9853300000      3.8023130000
H                  2.4275350000      1.1180370000     -3.6094600000
H                  0.8203680000      1.6208250000     -2.9589670000
H                  1.0812190000     -0.0709810000     -3.4908890000
H                  1.0257500000     -1.4671970000      4.5815730000
H                 -0.3938570000     -1.6411790000      3.4836120000
H                  0.0183890000     -0.0336160000      4.1656780000
O                 -3.4582320000      0.4546910000      1.3636010000
O                 -2.8986430000      0.7317260000     -1.5383170000
O                 -0.4160160000     -2.2371480000      0.1635780000
S                 -1.1437780000     -2.8629000000     -0.9709980000
S                 -3.8728030000     -0.8819870000      1.8984890000
S                 -2.6459150000      2.1558950000     -1.1376700000
O                 -2.1634470000     -1.8464160000     -1.3947160000
O                 -1.5839550000     -4.2278100000     -0.8430100000
O                 -2.8312270000     -1.8128120000      1.3697670000
O                 -4.2431350000     -0.9759710000      3.2842540000
O                 -1.7898570000      2.0631760000      0.0739490000
O                 -2.2417610000      3.0731090000     -2.1757880000
C                 -4.3069840000      2.7607160000     -0.5300450000
C                 -5.3632800000     -1.2773360000      0.8936830000
C                  0.0861780000     -2.8577520000     -2.3799310000
F                 -4.1730210000      3.2606400000      0.6815570000
F                 -5.1738570000      1.7676890000     -0.5113620000
F                 -4.7377730000      3.7010490000     -1.3497230000
F                 -5.0332360000     -1.1977680000     -0.3838980000
F                 -6.3167250000     -0.4077680000      1.1637740000
F                 -5.7764950000     -2.4974050000      1.1726940000
F                  0.2699940000     -4.0904590000     -2.8028540000
F                  1.2425270000     -2.3635660000     -1.9587030000
F                 -0.3656440000     -2.1113750000     -3.3698590000
C                  4.3569090000      0.0967460000      0.0389170000
H                  4.1993900000      0.2912330000     -1.0311030000
C                  4.5287990000      1.5303840000      0.6415110000
C                  5.6899070000      2.2075710000      0.0305750000
C                  4.7475970000      1.4686570000      2.1030980000
C                  1.0074530000      2.7814500000      0.7245720000
C                  2.2504480000      3.5896520000     -1.1722850000
C                  1.0306970000      3.5251330000     -0.4112660000
H                  0.1222020000      2.7015540000      1.3542050000
H                  2.3125760000      4.1647020000     -2.0986710000
H                  0.1521860000      4.0802960000     -0.7442550000
N                  6.6411410000      2.6805400000     -0.4262110000
N                  4.9036010000      1.3772830000      3.2457160000
N                  3.3071170000      2.3050950000      0.3583130000
N                  3.3393780000      2.9941280000     -0.7927740000
C                  2.1704160000      1.9983180000      1.0598930000
H                  2.3404190000      1.7007080000      2.1000050000
Sc                -1.7831810000     -0.2679610000      0.0658040000
C                  3.1352470000     -0.6291910000      0.6333240000
H                  3.1020890000     -1.6223580000      0.1560240000
H                  3.3237500000     -0.8090140000      1.7012040000
