C                 -4.1591500000     -0.6059640000     -0.7869900000
C                 -4.7449760000     -0.7580720000     -2.0517970000
C                 -5.4087220000      0.3113470000     -2.6559580000
C                 -5.5014240000      1.5422170000     -2.0016650000
C                 -4.9365390000      1.6970860000     -0.7329790000
C                 -4.2740920000      0.6289200000     -0.1296200000
C                 -3.4440800000     -1.7149090000     -0.0883010000
C                 -1.9624150000     -2.1083860000     -0.4761250000
C                 -3.1502080000     -3.0304760000     -0.6738530000
C                 -1.0676760000     -2.3341380000      0.6734870000
C                 -1.3484510000     -1.4143490000     -1.6316310000
H                 -4.6898620000     -1.7178410000     -2.5694540000
H                 -5.8621470000      0.1786920000     -3.6408430000
H                 -6.0210640000      2.3774280000     -2.4766590000
H                 -5.0121680000      2.6523100000     -0.2086890000
H                 -3.8367810000      0.7460870000      0.8635100000
H                 -3.5355300000     -1.6792490000      1.0021730000
O                 -0.3413220000     -0.7083610000     -1.5607690000
O                  0.0505420000     -1.8122920000      0.7972950000
Sc                 0.8524510000      0.0609360000      0.0905090000
O                 -1.5438920000     -3.1177610000      1.5941960000
O                 -1.9784490000     -1.5893030000     -2.7583190000
C                 -0.7771050000     -3.2597300000      2.8026450000
C                 -1.5546020000     -0.8156780000     -3.8894480000
H                 -1.3769280000     -3.8846140000      3.4704710000
H                 -0.6057860000     -2.2679060000      3.2414890000
H                  0.1840500000     -3.7385850000      2.5775300000
H                 -2.2464820000     -1.0599180000     -4.7013240000
H                 -0.5267800000     -1.0859640000     -4.1638910000
H                 -1.6039900000      0.2542020000     -3.6466710000
O                  1.8379000000      1.9576290000      0.6408010000
O                  0.2946810000      0.4101300000      2.3762340000
O                  2.3699600000     -0.9232490000     -1.1427860000
S                  3.2411200000     -1.3867390000     -0.0088680000
S                  1.6305860000      2.6628280000     -0.6670040000
S                 -1.1114770000      0.7190310000      2.0335600000
O                  2.6033130000     -0.7723230000      1.1937220000
O                  4.6656910000     -1.2761960000     -0.1631860000
O                  0.9150360000      1.6486650000     -1.4996140000
O                  1.1274340000      4.0097110000     -0.6414780000
O                 -1.1471370000      0.8048860000      0.5297460000
O                 -2.1535580000     -0.0843360000      2.6384410000
C                 -1.4100940000      2.4582490000      2.5523940000
C                  3.3222460000      2.7509610000     -1.3924460000
C                  2.8631860000     -3.2113960000      0.1333710000
F                 -2.6540220000      2.7821270000      2.2483150000
F                 -0.5734830000      3.2472950000      1.9107320000
F                 -1.2243890000      2.5618950000      3.8522490000
F                  3.9229550000      1.5839260000     -1.2481350000
F                  4.0096940000      3.6851510000     -0.7667600000
F                  3.2257950000      3.0464150000     -2.6737890000
F                  2.5837380000     -3.4994400000      1.3893930000
F                  3.9196410000     -3.8936370000     -0.2564810000
F                  1.8321700000     -3.5199210000     -0.6303810000
H                 -3.1725120000     -3.9039940000     -0.0207700000
H                 -3.4150360000     -3.2082050000     -1.7176310000
