C                 -1.7229050000     -0.1867200000      1.1293920000
C                 -1.3593820000     -0.0456230000     -0.2793670000
C                 -0.5983990000     -0.2672170000      2.0581600000
O                  0.5759220000     -0.5449990000      1.7277430000
O                 -0.2154940000      0.0940690000     -0.7465860000
O                 -2.3735570000     -0.1728360000     -1.0917500000
O                 -0.8984740000     -0.1561740000      3.3259360000
C                 -2.1265670000     -0.1610950000     -2.5032680000
C                  0.1690950000     -0.2696160000      4.2781450000
H                 -3.0596210000     -0.4767020000     -2.9814490000
H                 -1.3092430000     -0.8544080000     -2.7459030000
H                 -1.8593250000      0.8539480000     -2.8241510000
H                 -0.2787820000     -0.0815070000      5.2585420000
H                  0.9451610000      0.4756670000      4.0577760000
H                  0.6031880000     -1.2772120000      4.2403380000
O                  3.5144430000     -0.8725250000      0.8834820000
O                  2.4560810000     -0.3302790000     -1.8293660000
O                  0.4596310000      2.0719950000      1.0318970000
S                  0.9703280000      2.9808330000     -0.0277360000
S                  4.1044860000      0.2659690000      1.6579870000
S                  2.1601690000     -1.8025600000     -1.7907200000
O                  1.8733410000      2.1338130000     -0.8748420000
O                  1.4523560000      4.2828700000      0.3527250000
O                  3.0470710000      1.3210040000      1.5933850000
O                  4.7205480000     -0.0172340000      2.9250470000
O                  1.5193780000     -2.0278800000     -0.4685110000
O                  1.5285890000     -2.3783490000     -2.9529670000
C                  3.8464360000     -2.6008820000     -1.6686940000
C                  5.4110760000      0.8937710000      0.5241470000
C                 -0.5061790000      3.2925160000     -1.1388520000
F                  3.8747330000     -3.4041670000     -0.6247530000
F                  4.7793160000     -1.6772550000     -1.5482760000
F                  4.0620320000     -3.2991830000     -2.7676260000
F                  4.8451470000      1.1729500000     -0.6378060000
F                  6.3323990000     -0.0344880000      0.3607980000
F                  5.9543510000      1.9824870000      1.0298900000
F                 -1.5925470000      2.7416800000     -0.6093980000
F                 -0.2923790000      2.7664460000     -2.3292230000
F                 -0.6956350000      4.5896690000     -1.2545410000
C                 -4.3970010000      0.1253970000      1.1573460000
C                 -4.6180280000     -1.4196100000      1.2232000000
C                 -5.9404830000     -1.8278120000      0.7027440000
C                 -4.6159600000     -1.7969470000      2.6607820000
C                 -1.2763400000     -2.8967640000      0.4148750000
C                 -2.8962270000     -3.2433310000     -1.3349950000
C                 -1.5557640000     -3.3817660000     -0.8186700000
H                 -0.2915280000     -2.9991190000      0.8719840000
H                 -3.1725300000     -3.6460750000     -2.3118740000
H                 -0.7984500000     -3.8998190000     -1.4093540000
N                 -7.0109670000     -2.1224480000      0.3787310000
N                 -4.6084480000     -2.0621380000      3.7850820000
N                 -3.5482830000     -2.1781790000      0.5533870000
N                 -3.8399870000     -2.6612450000     -0.6668910000
C                 -2.2908260000     -2.1454710000      1.1275390000
H                 -2.2941370000     -2.1801500000      2.2238900000
C                 -2.9803720000      0.4931770000      1.6692590000
H                 -2.8704280000      1.5823820000      1.5530170000
H                 -2.9803150000      0.3052770000      2.7515720000
Sc                 1.7010040000      0.2150410000      0.1511600000
H                 -5.0548640000      0.5066230000      1.9558700000
C                 -4.8610200000      0.8617850000     -0.0927300000
C                 -4.9639220000      2.2562350000      0.0218060000
C                 -5.2075470000      0.2672210000     -1.3109880000
C                 -5.3849680000      3.0384360000     -1.0535290000
H                 -4.7166860000      2.7396800000      0.9719190000
C                 -5.6391710000      1.0478020000     -2.3872500000
H                 -5.1140690000     -0.8114270000     -1.4497230000
C                 -5.7262370000      2.4349100000     -2.2663180000
H                 -5.4550750000      4.1224750000     -0.9391320000
H                 -5.9012870000      0.5609150000     -3.3295300000
H                 -6.0603050000      3.0423720000     -3.1103470000
