C                 -1.8304570000     -0.1186790000      0.9786970000
C                 -1.4208670000      0.1622890000     -0.4060930000
C                 -0.7583150000     -0.2745170000      1.9755750000
O                  0.4223030000     -0.5373530000      1.6512520000
O                 -0.2455580000      0.0321240000     -0.8090670000
O                  3.4075720000     -0.9492150000      0.9637390000
O                  2.5560700000     -0.3853400000     -1.8122760000
O                  0.4339570000      2.0710820000      0.8945690000
S                  1.1694080000      2.9770940000     -0.0266680000
S                  3.9384150000      0.1663820000      1.8112450000
S                  2.2880530000     -1.8623610000     -1.7918920000
O                  2.0248280000      2.0751680000     -0.8675240000
O                  1.7804150000      4.1649960000      0.5125050000
O                  2.9005570000      1.2314880000      1.6853310000
O                  4.4457800000     -0.1541370000      3.1175890000
O                  1.5367200000     -2.0886000000     -0.5281880000
O                  1.7708690000     -2.4579850000     -2.9985510000
C                  3.9693170000     -2.6371870000     -1.5238050000
C                  5.3477330000      0.8046450000      0.8150590000
C                 -0.1319580000      3.5784410000     -1.1998270000
F                  3.9237220000     -3.4344200000     -0.4762370000
F                  4.8798940000     -1.7023640000     -1.3380790000
F                  4.2800600000     -3.3399800000     -2.5970850000
F                  4.9054130000      1.0911510000     -0.3967960000
F                  6.2857800000     -0.1194170000      0.7421330000
F                  5.8338510000      1.8918780000      1.3807110000
F                 -1.2609790000      3.7486020000     -0.5279960000
F                 -0.3267070000      2.6939120000     -2.1596370000
F                  0.2440220000      4.7259150000     -1.7271670000
C                 -4.5642860000      0.0262020000      1.1659360000
C                 -4.6394910000     -1.5317050000      1.2425420000
C                 -5.9645460000     -2.0672280000      0.8643410000
C                 -4.4475370000     -1.8975560000      2.6685620000
C                 -1.2902940000     -2.7748070000      0.1424520000
C                 -2.9800090000     -3.0591700000     -1.5442490000
C                 -1.6168000000     -3.2035640000     -1.1000940000
H                 -0.2890420000     -2.8880230000      0.5556830000
H                 -3.2902910000     -3.3888440000     -2.5380590000
H                 -0.8800590000     -3.6780210000     -1.7502510000
N                 -7.0224750000     -2.4799200000      0.6465060000
N                 -4.2961350000     -2.1334480000      3.7911190000
N                 -3.5809960000     -2.1837870000      0.4543660000
N                 -3.9154950000     -2.5759220000     -0.7861080000
C                 -2.2898310000     -2.0861590000      0.9321510000
H                 -2.2238920000     -2.1923110000      2.0189110000
C                 -3.1206600000      0.5434240000      1.4901520000
H                 -3.1039810000      1.6042670000      1.1942300000
H                 -3.0602110000      0.5558060000      2.5838670000
Sc                 1.6475550000      0.1462230000      0.1128950000
H                 -5.1430750000      0.3525190000      2.0444050000
C                 -5.2704060000      0.7070490000     -0.0014550000
C                 -5.4917480000      2.0857870000      0.1521480000
C                 -5.7156110000      0.0909150000     -1.1770200000
C                 -6.1142820000      2.8327010000     -0.8464220000
H                 -5.1733810000      2.5801830000      1.0750430000
C                 -6.3475460000      0.8373920000     -2.1771310000
H                 -5.5526440000     -0.9741500000     -1.3482990000
C                 -6.5445110000      2.2086300000     -2.0209350000
H                 -6.2725210000      3.9037840000     -0.7022540000
H                 -6.6806520000      0.3343020000     -3.0875370000
H                 -7.0348260000      2.7884540000     -2.8059100000
C                 -1.0483370000     -0.2206780000      3.4400710000
H                 -1.2261430000      0.8313330000      3.7195000000
H                 -1.9484180000     -0.7891240000      3.7187190000
H                 -0.1741120000     -0.5914530000      3.9866760000
C                 -2.4344470000      0.5796790000     -1.4133620000
H                 -3.2587770000     -0.1423570000     -1.4542600000
H                 -2.8792600000      1.5466970000     -1.1257610000
H                 -1.9599350000      0.6592210000     -2.3970510000
