C                 -1.6314370000      0.3162650000      1.1455910000
C                 -1.3308600000      0.1330480000     -0.2431280000
C                 -0.5305980000      0.1989040000      2.0536700000
O                  0.5925950000     -0.2767850000      1.7594320000
O                 -0.2073590000     -0.0317450000     -0.7574040000
O                 -2.3997970000      0.0575450000     -1.0197490000
O                 -0.7750920000      0.4981030000      3.3191790000
C                 -2.1841050000     -0.1438150000     -2.4173670000
C                  0.3398280000      0.4460520000      4.2162310000
H                 -3.1772790000     -0.2924190000     -2.8558550000
H                 -1.5308370000     -1.0136310000     -2.5810960000
H                 -1.7027870000      0.7413320000     -2.8520400000
H                 -0.0035580000      0.8932450000      5.1540120000
H                  1.1864360000      1.0057360000      3.7955740000
H                  0.6516520000     -0.5942860000      4.3792110000
O                  3.5823780000     -0.8120970000      0.7897860000
O                  2.2254400000     -0.7443750000     -1.9011920000
O                  0.6624690000      2.1852520000      0.5617250000
S                  1.3666850000      2.8935460000     -0.5407860000
S                  4.0450580000      0.2527960000      1.7462070000
S                  1.7184180000     -2.1257880000     -1.6553190000
O                  2.2901030000      1.8637850000     -1.1268010000
O                  1.8796840000      4.2136590000     -0.3122640000
O                  2.9871320000      1.3005780000      1.6345280000
O                  4.4728450000     -0.1561980000      3.0548680000
O                  1.4280630000     -2.1977540000     -0.1971750000
O                  0.6966630000     -2.6405120000     -2.5471860000
C                  3.1723490000     -3.2223560000     -1.9141890000
C                  5.5062890000      0.9805530000      0.8953030000
C                  0.0519020000      3.0730320000     -1.8579800000
F                  2.8479640000     -4.4387600000     -1.5035070000
F                  4.2063540000     -2.7843510000     -1.2326650000
F                  3.4639850000     -3.2562010000     -3.2008480000
F                  5.1758950000      1.2856070000     -0.3443870000
F                  6.4885920000      0.0996210000      0.8913300000
F                  5.8847670000      2.0675770000      1.5385790000
F                 -1.1463630000      2.8607610000     -1.3180440000
F                  0.2388930000      2.1905400000     -2.8222180000
F                  0.0872460000      4.2892270000     -2.3595870000
C                 -4.3341830000      0.4516060000      1.2419740000
C                 -4.5132500000     -1.0622470000      1.5949050000
C                 -5.8609320000     -1.5726680000      1.2749640000
C                 -4.3665620000     -1.1770000000      3.0653150000
C                 -1.2294650000     -2.6868390000      0.8371880000
C                 -2.8782540000     -3.1373520000     -0.8454680000
C                 -1.5330310000     -3.2380180000     -0.3779550000
H                 -0.2244010000     -2.7291150000      1.2574790000
H                 -3.1909850000     -3.5965250000     -1.7857810000
H                 -0.7723390000     -3.7394520000     -0.9783910000
N                 -6.9394200000     -1.9563070000      1.1087400000
N                 -4.2438540000     -1.2304890000      4.2149400000
N                 -3.4818730000     -1.9383780000      0.9684320000
N                 -3.8117210000     -2.5036160000     -0.1886170000
C                 -2.2384650000     -1.9484440000      1.5021570000
H                 -2.1547630000     -1.6519930000      2.5486100000
C                 -2.9116740000      0.9879230000      1.6038290000
H                 -2.9009530000      2.0349290000      1.2598940000
H                 -2.8567610000      1.0373720000      2.7007100000
Sc                 1.7677810000      0.1563420000      0.0787320000
H                 -4.9734960000      0.9274840000      2.0061770000
C                 -4.9231750000      0.9449780000     -0.0757130000
C                 -5.0623100000      2.3357830000     -0.1998750000
C                 -5.3704960000      0.1402820000     -1.1286890000
C                 -5.6077010000      2.9092240000     -1.3467320000
H                 -4.7472800000      2.9873730000      0.6207830000
C                 -5.9283620000      0.7123200000     -2.2754870000
H                 -5.2774990000     -0.9444110000     -1.0797530000
C                 -6.0434890000      2.0963990000     -2.3947720000
H                 -5.7009550000      3.9948990000     -1.4158490000
H                 -6.2740900000      0.0619150000     -3.0821230000
H                 -6.4771150000      2.5394010000     -3.2934930000
